<?xml version="1.0" encoding="UTF-8"?>
<testsuite xmlns:xsi="http://www.w3.org/2001/XMLSchema-instance" xsi:noNamespaceSchemaLocation="https://maven.apache.org/surefire/maven-surefire-plugin/xsd/surefire-test-report-3.0.xsd" version="3.0" name="TestSuite" time="2,084.033" tests="32" errors="0" skipped="0" failures="9">
  <properties>
    <property name="java.specification.version" value="17"/>
    <property name="webdriver.chrome.driver" value="/Users/apple/Downloads/chromedriver_102"/>
    <property name="sun.jnu.encoding" value="UTF-8"/>
    <property name="java.class.path" value="/usr/local/Cellar/maven/3.8.2/libexec/boot/plexus-classworlds-2.6.0.jar"/>
    <property name="sun.awt.enableExtraMouseButtons" value="true"/>
    <property name="java.vm.vendor" value="Homebrew"/>
    <property name="sun.arch.data.model" value="64"/>
    <property name="sun.font.fontmanager" value="sun.font.CFontManager"/>
    <property name="java.vendor.url" value="https://github.com/Homebrew/homebrew-core/issues"/>
    <property name="user.timezone" value="Asia/Kolkata"/>
    <property name="maven.conf" value="/usr/local/Cellar/maven/3.8.2/libexec/conf"/>
    <property name="java.vm.specification.version" value="17"/>
    <property name="os.name" value="Mac OS X"/>
    <property name="sun.java.launcher" value="SUN_STANDARD"/>
    <property name="user.country" value="IN"/>
    <property name="sun.boot.library.path" value="/usr/local/Cellar/openjdk/17/libexec/openjdk.jdk/Contents/Home/lib"/>
    <property name="sun.java.command" value="org.codehaus.plexus.classworlds.launcher.Launcher clean install"/>
    <property name="http.nonProxyHosts" value="local|*.local|169.254/16|*.169.254/16"/>
    <property name="jdk.debug" value="release"/>
    <property name="maven.home" value="/usr/local/Cellar/maven/3.8.2/libexec"/>
    <property name="surefire.test.class.path" value="/Users/apple/Downloads/qateam-kevint/ComplianceSutra/target/test-classes:/Users/apple/Downloads/qateam-kevint/ComplianceSutra/target/classes:/Users/apple/.m2/repository/org/seleniumhq/selenium/selenium-server/2.53.0/selenium-server-2.53.0.jar:/Users/apple/.m2/repository/com/beust/jcommander/1.48/jcommander-1.48.jar:/Users/apple/.m2/repository/org/bouncycastle/bcprov-jdk15on/1.48/bcprov-jdk15on-1.48.jar:/Users/apple/.m2/repository/org/bouncycastle/bcpkix-jdk15on/1.48/bcpkix-jdk15on-1.48.jar:/Users/apple/.m2/repository/mx4j/mx4j-tools/3.0.1/mx4j-tools-3.0.1.jar:/Users/apple/.m2/repository/org/seleniumhq/selenium/jetty-repacked/9.2.13.v20150730/jetty-repacked-9.2.13.v20150730.jar:/Users/apple/.m2/repository/javax/servlet/javax.servlet-api/3.1.0/javax.servlet-api-3.1.0.jar:/Users/apple/.m2/repository/org/seleniumhq/selenium/jetty-rc-repacked/5/jetty-rc-repacked-5.jar:/Users/apple/.m2/repository/net/jcip/jcip-annotations/1.0/jcip-annotations-1.0.jar:/Users/apple/.m2/repository/org/yaml/snakeyaml/1.8/snakeyaml-1.8.jar:/Users/apple/.m2/repository/commons-codec/commons-codec/1.10/commons-codec-1.10.jar:/Users/apple/.m2/repository/org/seleniumhq/selenium/selenium-java/2.53.0/selenium-java-2.53.0.jar:/Users/apple/.m2/repository/org/seleniumhq/selenium/selenium-chrome-driver/2.53.0/selenium-chrome-driver-2.53.0.jar:/Users/apple/.m2/repository/org/seleniumhq/selenium/selenium-remote-driver/2.53.0/selenium-remote-driver-2.53.0.jar:/Users/apple/.m2/repository/cglib/cglib-nodep/2.1_3/cglib-nodep-2.1_3.jar:/Users/apple/.m2/repository/org/seleniumhq/selenium/selenium-api/2.53.0/selenium-api-2.53.0.jar:/Users/apple/.m2/repository/org/seleniumhq/selenium/selenium-edge-driver/2.53.0/selenium-edge-driver-2.53.0.jar:/Users/apple/.m2/repository/commons-io/commons-io/2.4/commons-io-2.4.jar:/Users/apple/.m2/repository/org/apache/commons/commons-exec/1.3/commons-exec-1.3.jar:/Users/apple/.m2/repository/org/seleniumhq/selenium/selenium-firefox-driver/2.53.0/selenium-firefox-driver-2.53.0.jar:/Users/apple/.m2/repository/org/seleniumhq/selenium/selenium-ie-driver/2.53.0/selenium-ie-driver-2.53.0.jar:/Users/apple/.m2/repository/net/java/dev/jna/jna/4.1.0/jna-4.1.0.jar:/Users/apple/.m2/repository/net/java/dev/jna/jna-platform/4.1.0/jna-platform-4.1.0.jar:/Users/apple/.m2/repository/org/seleniumhq/selenium/selenium-safari-driver/2.53.0/selenium-safari-driver-2.53.0.jar:/Users/apple/.m2/repository/io/netty/netty/3.5.7.Final/netty-3.5.7.Final.jar:/Users/apple/.m2/repository/org/seleniumhq/selenium/selenium-support/2.53.0/selenium-support-2.53.0.jar:/Users/apple/.m2/repository/org/seleniumhq/selenium/selenium-leg-rc/2.53.0/selenium-leg-rc-2.53.0.jar:/Users/apple/.m2/repository/org/apache/james/apache-mime4j/0.5/apache-mime4j-0.5.jar:/Users/apple/.m2/repository/commons-logging/commons-logging/1.1/commons-logging-1.1.jar:/Users/apple/.m2/repository/com/relevantcodes/extentreports/2.10/extentreports-2.10.jar:/Users/apple/.m2/repository/org/jsoup/jsoup/1.8.3/jsoup-1.8.3.jar:/Users/apple/.m2/repository/org/xerial/sqlite-jdbc/3.8.11.1/sqlite-jdbc-3.8.11.1.jar:/Users/apple/.m2/repository/xml-apis/xml-apis/1.4.01/xml-apis-1.4.01.jar:/Users/apple/.m2/repository/commons-lang/commons-lang/2.6/commons-lang-2.6.jar:/Users/apple/.m2/repository/commons-cli/commons-cli/1.2/commons-cli-1.2.jar:/Users/apple/.m2/repository/org/testng/testng/6.9.10/testng-6.9.10.jar:/Users/apple/.m2/repository/org/beanshell/bsh/2.0b4/bsh-2.0b4.jar:/Users/apple/.m2/repository/org/apache/httpcomponents/httpclient/4.3.3/httpclient-4.3.3.jar:/Users/apple/.m2/repository/org/apache/httpcomponents/httpcore/4.3.2/httpcore-4.3.2.jar:/Users/apple/.m2/repository/ch/qos/logback/logback-classic/1.0.6/logback-classic-1.0.6.jar:/Users/apple/.m2/repository/ch/qos/logback/logback-core/1.0.6/logback-core-1.0.6.jar:/Users/apple/.m2/repository/org/slf4j/slf4j-api/1.6.5/slf4j-api-1.6.5.jar:/Users/apple/.m2/repository/com/google/inject/guice/3.0/guice-3.0.jar:/Users/apple/.m2/repository/javax/inject/javax.inject/1/javax.inject-1.jar:/Users/apple/.m2/repository/aopalliance/aopalliance/1.0/aopalliance-1.0.jar:/Users/apple/.m2/repository/com/google/guava/guava/15.0/guava-15.0.jar:/Users/apple/.m2/repository/org/uncommons/reportng/1.1.2/reportng-1.1.2.jar:/Users/apple/.m2/repository/velocity/velocity/1.4/velocity-1.4.jar:/Users/apple/.m2/repository/velocity/velocity-dep/1.4/velocity-dep-1.4.jar:/Users/apple/.m2/repository/org/projectlombok/lombok/1.18.22/lombok-1.18.22.jar:/Users/apple/.m2/repository/com/aventstack/extentreports/5.0.8/extentreports-5.0.8.jar:/Users/apple/.m2/repository/io/reactivex/rxjava3/rxjava/3.0.4/rxjava-3.0.4.jar:/Users/apple/.m2/repository/org/reactivestreams/reactive-streams/1.0.3/reactive-streams-1.0.3.jar:/Users/apple/.m2/repository/org/freemarker/freemarker/2.3.30/freemarker-2.3.30.jar:/Users/apple/.m2/repository/com/google/code/gson/gson/2.8.6/gson-2.8.6.jar:"/>
    <property name="sun.cpu.endian" value="little"/>
    <property name="user.home" value="/Users/apple"/>
    <property name="user.language" value="en"/>
    <property name="sun.stderr.encoding" value="UTF-8"/>
    <property name="java.specification.vendor" value="Oracle Corporation"/>
    <property name="java.version.date" value="2021-09-14"/>
    <property name="java.home" value="/usr/local/Cellar/openjdk/17/libexec/openjdk.jdk/Contents/Home"/>
    <property name="file.separator" value="/"/>
    <property name="basedir" value="/Users/apple/Downloads/qateam-kevint/ComplianceSutra"/>
    <property name="java.vm.compressedOopsMode" value="Zero based"/>
    <property name="line.separator" value="&#10;"/>
    <property name="sun.stdout.encoding" value="UTF-8"/>
    <property name="java.vm.specification.vendor" value="Oracle Corporation"/>
    <property name="java.specification.name" value="Java Platform API Specification"/>
    <property name="sun.management.compiler" value="HotSpot 64-Bit Tiered Compilers"/>
    <property name="ftp.nonProxyHosts" value="local|*.local|169.254/16|*.169.254/16"/>
    <property name="java.runtime.version" value="17+0"/>
    <property name="user.name" value="apple"/>
    <property name="path.separator" value=":"/>
    <property name="os.version" value="12.2"/>
    <property name="java.runtime.name" value="OpenJDK Runtime Environment"/>
    <property name="file.encoding" value="UTF-8"/>
    <property name="guice.disable.misplaced.annotation.check" value="true"/>
    <property name="java.vm.name" value="OpenJDK 64-Bit Server VM"/>
    <property name="java.vendor.version" value="Homebrew"/>
    <property name="localRepository" value="/Users/apple/.m2/repository"/>
    <property name="java.vendor.url.bug" value="https://github.com/Homebrew/homebrew-core/issues"/>
    <property name="java.io.tmpdir" value="/var/folders/hq/dtvwwpd963j6cd1z1f4d3zyr0000gn/T/"/>
    <property name="java.version" value="17"/>
    <property name="user.dir" value="/Users/apple/Downloads/qateam-kevint/ComplianceSutra/target"/>
    <property name="os.arch" value="x86_64"/>
    <property name="maven.multiModuleProjectDirectory" value="/Users/apple/Downloads/qateam-kevint/ComplianceSutra"/>
    <property name="java.vm.specification.name" value="Java Virtual Machine Specification"/>
    <property name="native.encoding" value="UTF-8"/>
    <property name="java.library.path" value="/Users/apple/Library/Java/Extensions:/Library/Java/Extensions:/Network/Library/Java/Extensions:/System/Library/Java/Extensions:/usr/lib/java:."/>
    <property name="java.vm.info" value="mixed mode, sharing"/>
    <property name="java.vendor" value="Homebrew"/>
    <property name="java.vm.version" value="17+0"/>
    <property name="classworlds.conf" value="/usr/local/Cellar/maven/3.8.2/libexec/bin/m2.conf"/>
    <property name="sun.io.unicode.encoding" value="UnicodeBig"/>
    <property name="socksNonProxyHosts" value="local|*.local|169.254/16|*.169.254/16"/>
    <property name="java.class.version" value="61.0"/>
  </properties>
  <testcase name="Verify_Add_Milestone_By_Entering_Blank_Spaces_In_Created_Project_By_Team_Member" classname="com.compliancesutra.verifications.TM_Tasks_Projects" time="50.717">
    <system-out><![CDATA[Step :: Click on Login button
Step :: Enter Team Member Email Address
Step :: Enter Team Member Password Address
Step :: Click on Login button
Step :: Click on Project Task icon from dashboard
Step :: Click on Add New Project button
Step :: Enter Project name :: fdkxv
Step :: Select User from User drop-down
Step :: Select Start Date as Today's Date
Step :: Select End Date as Next Month date
Step :: Enter Project overview
Step :: Click on Submit button
Step :: Verify the Message :: Project added updatead successfuly
Step :: Click on 3 dot icon on created project :: fdkxv
Step :: Click on Add milestone button
Step :: Enter only spaces in milestone name field
Step :: Select start date as Today's date
Step :: Select End date as Today's date
Step :: Click on Submit button
Step :: Verify the Message :: Something went wrong. Please try again!
]]></system-out>
    <system-err><![CDATA[Starting ChromeDriver 102.0.5005.61 (0e59bcc00cc4985ce39ad31c150065f159d95ad3-refs/branch-heads/5005@{#819}) on port 44512
Only local connections are allowed.
Please see https://chromedriver.chromium.org/security-considerations for suggestions on keeping ChromeDriver safe.
ChromeDriver was started successfully.
]]></system-err>
  </testcase>
  <testcase name="Verify_Add_Milestone_In_Created_Project_By_Team_Member" classname="com.compliancesutra.verifications.TM_Tasks_Projects" time="63.019">
    <system-out><![CDATA[TEST PASSED - Verify_Add_Milestone_By_Entering_Blank_Spaces_In_Created_Project_By_Team_Member

Step :: Click on Login button
Step :: Enter Team Member Email Address
Step :: Enter Team Member Password Address
Step :: Click on Login button
Step :: Click on Project Task icon from dashboard
Step :: Click on Add New Project button
Step :: Enter Project name :: udfty
Step :: Select User from User drop-down
Step :: Select Start Date as Today's Date
Step :: Select End Date as Next Month date
Step :: Enter Project overview
Step :: Click on Submit button
Step :: Verify the Message :: Project added updatead successfuly
Step :: Click on 3 dot icon on created project :: udfty
Step :: Click on Add milestone button
Step :: Click on enter milestone :: fiofb
Step :: Select start date as Today's date
Step :: Select End date as Today's date
Step :: Click on Submit button
Step :: Verify the Message :: Milestone has been Updated
Step :: Verify the Created Milestone in project table :: fiofb
]]></system-out>
    <system-err><![CDATA[Starting ChromeDriver 102.0.5005.61 (0e59bcc00cc4985ce39ad31c150065f159d95ad3-refs/branch-heads/5005@{#819}) on port 23798
Only local connections are allowed.
Please see https://chromedriver.chromium.org/security-considerations for suggestions on keeping ChromeDriver safe.
ChromeDriver was started successfully.
]]></system-err>
  </testcase>
  <testcase name="Verify_Add_Task_By_Blank_Spaces_And_Selecting_Milestone_In_Created_Project_By_Team_Member" classname="com.compliancesutra.verifications.TM_Tasks_Projects" time="70.701">
    <system-out><![CDATA[TEST PASSED - Verify_Add_Milestone_In_Created_Project_By_Team_Member

Step :: Click on Login button
Step :: Enter Team Member Email Address
Step :: Enter Team Member Password Address
Step :: Click on Login button
Step :: Click on Project Task icon from dashboard
Step :: Click on Add New Project button
Step :: Enter Project name :: fdgsi
Step :: Select User from User drop-down
Step :: Select Start Date as Today's Date
Step :: Select End Date as Next Month date
Step :: Enter Project overview
Step :: Click on Submit button
Step :: Verify the Message :: Project added updatead successfuly
Step :: Click on 3 dot icon on created project :: fdgsi
Step :: Click on Add milestone button
Step :: Click on enter milestone :: biovb
Step :: Select start date as Today's date
Step :: Select End date as Today's date
Step :: Click on Submit button
Step :: Verify the Message :: Milestone has been Updated
Step :: Verify the Created Milestone in project table :: biovb
Step :: Click on + icon in created Milestone to add new task
Step :: Enter only spaces in TaskList name field
Step :: Verify the name of Milestone :: biovb
Step :: Click on Submit button
Step :: Verify the Message :: Something went wrong. Please try again!
]]></system-out>
    <system-err><![CDATA[Starting ChromeDriver 102.0.5005.61 (0e59bcc00cc4985ce39ad31c150065f159d95ad3-refs/branch-heads/5005@{#819}) on port 20115
Only local connections are allowed.
Please see https://chromedriver.chromium.org/security-considerations for suggestions on keeping ChromeDriver safe.
ChromeDriver was started successfully.
]]></system-err>
  </testcase>
  <testcase name="Verify_Add_Task_By_Selecting_Milestone_In_Created_Project_By_Team_Member" classname="com.compliancesutra.verifications.TM_Tasks_Projects" time="96.057">
    <system-out><![CDATA[TEST PASSED - Verify_Add_Task_By_Blank_Spaces_And_Selecting_Milestone_In_Created_Project_By_Team_Member

Step :: Click on Login button
Step :: Enter Team Member Email Address
Step :: Enter Team Member Password Address
Step :: Click on Login button
Step :: Click on Project Task icon from dashboard
Step :: Click on Add New Project button
Step :: Enter Project name :: cdvqg
Step :: Select User from User drop-down
Step :: Select Start Date as Today's Date
Step :: Select End Date as Next Month date
Step :: Enter Project overview
Step :: Click on Submit button
Step :: Verify the Message :: Project added updatead successfuly
Step :: Click on 3 dot icon on created project :: cdvqg
Step :: Click on Add milestone button
Step :: Click on enter milestone :: kcuvf
Step :: Select start date as Today's date
Step :: Select End date as Today's date
Step :: Click on Submit button
Step :: Verify the Message :: Milestone has been Updated
Step :: Verify the Created Milestone in project table :: kcuvf
Step :: Click on + icon in created Milestone to add new task
Step :: Enter the Tasklist name :: nrikuiu
Step :: Verify the name of Milestone :: kcuvf
Step :: Click on Submit button
Step :: Verify the Message :: Task List has been Updated
Step :: Verify the Created Milestone in project table :: kcuvf
Step :: Expand the Created Milestone
Step :: Verify the Created Tasklist in project table :: nrikuiu
]]></system-out>
    <system-err><![CDATA[Starting ChromeDriver 102.0.5005.61 (0e59bcc00cc4985ce39ad31c150065f159d95ad3-refs/branch-heads/5005@{#819}) on port 9690
Only local connections are allowed.
Please see https://chromedriver.chromium.org/security-considerations for suggestions on keeping ChromeDriver safe.
ChromeDriver was started successfully.
]]></system-err>
  </testcase>
  <testcase name="Verify_Create_New_Project_By_Entering_Spaces_In_Project_Name_And_Overview_Fields_And_Without_Selecting_User_By_Team_Member" classname="com.compliancesutra.verifications.TM_Tasks_Projects" time="30.948">
    <failure message="element click intercepted: Element &lt;a class=&quot;ant-picker-today-btn&quot;&gt;...&lt;/a&gt; is not clickable at point (874, 539). Other element would receive the click: &lt;div class=&quot;ant-picker-body&quot;&gt;...&lt;/div&gt;&#10;  (Session info: chrome=102.0.5005.115)&#10;  (Driver info: chromedriver=102.0.5005.61 (0e59bcc00cc4985ce39ad31c150065f159d95ad3-refs/branch-heads/5005@{#819}),platform=Mac OS X 12.2.0 x86_64) (WARNING: The server did not provide any stacktrace information)&#10;Command duration or timeout: 1.06 seconds&#10;Build info: version: &apos;2.53.0&apos;, revision: &apos;35ae25b1534ae328c771e0856c93e187490ca824&apos;, time: &apos;2016-03-15 10:43:46&apos;&#10;System info: host: &apos;Apples-MacBook-Pro-2.local&apos;, ip: &apos;127.0.0.1&apos;, os.name: &apos;Mac OS X&apos;, os.arch: &apos;x86_64&apos;, os.version: &apos;12.2&apos;, java.version: &apos;17&apos;&#10;Driver info: org.openqa.selenium.chrome.ChromeDriver&#10;Capabilities [{mobileEmulationEnabled=false, timeouts={implicit=0, pageLoad=300000, script=30000}, hasTouchScreen=false, platform=MAC, acceptSslCerts=false, goog:chromeOptions={debuggerAddress=localhost:56881}, webauthn:extension:credBlob=true, acceptInsecureCerts=false, webStorageEnabled=true, browserName=chrome, takesScreenshot=true, javascriptEnabled=true, setWindowRect=true, webauthn:extension:largeBlob=true, unexpectedAlertBehaviour=ignore, rotatable=false, networkConnectionEnabled=false, chrome={chromedriverVersion=102.0.5005.61 (0e59bcc00cc4985ce39ad31c150065f159d95ad3-refs/branch-heads/5005@{#819}), userDataDir=/var/folders/hq/dtvwwpd963j6cd1z1f4d3zyr0000gn/T/.com.google.Chrome.E7vAtI}, takesHeapSnapshot=true, pageLoadStrategy=normal, strictFileInteractability=false, databaseEnabled=false, handlesAlerts=true, version=102.0.5005.115, browserConnectionEnabled=false, proxy={}, nativeEvents=true, locationContextEnabled=true, cssSelectorsEnabled=true, webauthn:virtualAuthenticators=true}]&#10;Session ID: 88f83492f90769add7a0b425d5101fbe" type="org.openqa.selenium.WebDriverException"><![CDATA[org.openqa.selenium.WebDriverException: 
element click intercepted: Element <a class="ant-picker-today-btn">...</a> is not clickable at point (874, 539). Other element would receive the click: <div class="ant-picker-body">...</div>
  (Session info: chrome=102.0.5005.115)
  (Driver info: chromedriver=102.0.5005.61 (0e59bcc00cc4985ce39ad31c150065f159d95ad3-refs/branch-heads/5005@{#819}),platform=Mac OS X 12.2.0 x86_64) (WARNING: The server did not provide any stacktrace information)
Command duration or timeout: 1.06 seconds
Build info: version: '2.53.0', revision: '35ae25b1534ae328c771e0856c93e187490ca824', time: '2016-03-15 10:43:46'
System info: host: 'Apples-MacBook-Pro-2.local', ip: '127.0.0.1', os.name: 'Mac OS X', os.arch: 'x86_64', os.version: '12.2', java.version: '17'
Driver info: org.openqa.selenium.chrome.ChromeDriver
Capabilities [{mobileEmulationEnabled=false, timeouts={implicit=0, pageLoad=300000, script=30000}, hasTouchScreen=false, platform=MAC, acceptSslCerts=false, goog:chromeOptions={debuggerAddress=localhost:56881}, webauthn:extension:credBlob=true, acceptInsecureCerts=false, webStorageEnabled=true, browserName=chrome, takesScreenshot=true, javascriptEnabled=true, setWindowRect=true, webauthn:extension:largeBlob=true, unexpectedAlertBehaviour=ignore, rotatable=false, networkConnectionEnabled=false, chrome={chromedriverVersion=102.0.5005.61 (0e59bcc00cc4985ce39ad31c150065f159d95ad3-refs/branch-heads/5005@{#819}), userDataDir=/var/folders/hq/dtvwwpd963j6cd1z1f4d3zyr0000gn/T/.com.google.Chrome.E7vAtI}, takesHeapSnapshot=true, pageLoadStrategy=normal, strictFileInteractability=false, databaseEnabled=false, handlesAlerts=true, version=102.0.5005.115, browserConnectionEnabled=false, proxy={}, nativeEvents=true, locationContextEnabled=true, cssSelectorsEnabled=true, webauthn:virtualAuthenticators=true}]
Session ID: 88f83492f90769add7a0b425d5101fbe
	at java.base/jdk.internal.reflect.NativeConstructorAccessorImpl.newInstance0(Native Method)
	at java.base/jdk.internal.reflect.NativeConstructorAccessorImpl.newInstance(NativeConstructorAccessorImpl.java:77)
	at java.base/jdk.internal.reflect.DelegatingConstructorAccessorImpl.newInstance(DelegatingConstructorAccessorImpl.java:45)
	at java.base/java.lang.reflect.Constructor.newInstanceWithCaller(Constructor.java:499)
	at java.base/java.lang.reflect.Constructor.newInstance(Constructor.java:480)
	at org.openqa.selenium.remote.ErrorHandler.createThrowable(ErrorHandler.java:206)
	at org.openqa.selenium.remote.ErrorHandler.throwIfResponseFailed(ErrorHandler.java:158)
	at org.openqa.selenium.remote.RemoteWebDriver.execute(RemoteWebDriver.java:678)
	at org.openqa.selenium.remote.RemoteWebElement.execute(RemoteWebElement.java:327)
	at org.openqa.selenium.remote.RemoteWebElement.click(RemoteWebElement.java:85)
	at com.compliancesutra.pages.TM_Task_Project.Verify_Create_New_Project_By_Entering_Spaces_In_Project_Name_And_Overview_Fields_And_Without_Selecting_User_By_Team_Member(TM_Task_Project.java:247)
	at com.compliancesutra.verifications.TM_Tasks_Projects.Verify_Create_New_Project_By_Entering_Spaces_In_Project_Name_And_Overview_Fields_And_Without_Selecting_User_By_Team_Member(TM_Tasks_Projects.java:90)
	at java.base/jdk.internal.reflect.NativeMethodAccessorImpl.invoke0(Native Method)
	at java.base/jdk.internal.reflect.NativeMethodAccessorImpl.invoke(NativeMethodAccessorImpl.java:77)
	at java.base/jdk.internal.reflect.DelegatingMethodAccessorImpl.invoke(DelegatingMethodAccessorImpl.java:43)
	at java.base/java.lang.reflect.Method.invoke(Method.java:568)
	at org.testng.internal.MethodInvocationHelper.invokeMethod(MethodInvocationHelper.java:86)
	at org.testng.internal.Invoker.invokeMethod(Invoker.java:643)
	at org.testng.internal.Invoker.invokeTestMethod(Invoker.java:820)
	at org.testng.internal.Invoker.invokeTestMethods(Invoker.java:1128)
	at org.testng.internal.TestMethodWorker.invokeTestMethods(TestMethodWorker.java:129)
	at org.testng.internal.TestMethodWorker.run(TestMethodWorker.java:112)
	at org.testng.TestRunner.privateRun(TestRunner.java:782)
	at org.testng.TestRunner.run(TestRunner.java:632)
	at org.testng.SuiteRunner.runTest(SuiteRunner.java:366)
	at org.testng.SuiteRunner.runSequentially(SuiteRunner.java:361)
	at org.testng.SuiteRunner.privateRun(SuiteRunner.java:319)
	at org.testng.SuiteRunner.run(SuiteRunner.java:268)
	at org.testng.SuiteRunnerWorker.runSuite(SuiteRunnerWorker.java:52)
	at org.testng.SuiteRunnerWorker.run(SuiteRunnerWorker.java:86)
	at org.testng.TestNG.runSuitesSequentially(TestNG.java:1244)
	at org.testng.TestNG.runSuitesLocally(TestNG.java:1169)
	at org.testng.TestNG.run(TestNG.java:1064)
	at org.apache.maven.surefire.testng.TestNGExecutor.run(TestNGExecutor.java:324)
	at org.apache.maven.surefire.testng.TestNGXmlTestSuite.execute(TestNGXmlTestSuite.java:74)
	at org.apache.maven.surefire.testng.TestNGProvider.invoke(TestNGProvider.java:123)
	at java.base/jdk.internal.reflect.NativeMethodAccessorImpl.invoke0(Native Method)
	at java.base/jdk.internal.reflect.NativeMethodAccessorImpl.invoke(NativeMethodAccessorImpl.java:77)
	at java.base/jdk.internal.reflect.DelegatingMethodAccessorImpl.invoke(DelegatingMethodAccessorImpl.java:43)
	at java.base/java.lang.reflect.Method.invoke(Method.java:568)
	at org.apache.maven.surefire.api.util.ReflectionUtils.invokeMethodWithArray2(ReflectionUtils.java:183)
	at org.apache.maven.surefire.booter.ProviderFactory$ProviderProxy.invoke(ProviderFactory.java:161)
	at org.apache.maven.surefire.booter.ProviderFactory.invokeProvider(ProviderFactory.java:85)
	at org.apache.maven.plugin.surefire.InPluginVMSurefireStarter.runSuitesInProcess(InPluginVMSurefireStarter.java:92)
	at org.apache.maven.plugin.surefire.AbstractSurefireMojo.executeProvider(AbstractSurefireMojo.java:1310)
	at org.apache.maven.plugin.surefire.AbstractSurefireMojo.executeAfterPreconditionsChecked(AbstractSurefireMojo.java:1167)
	at org.apache.maven.plugin.surefire.AbstractSurefireMojo.execute(AbstractSurefireMojo.java:931)
	at org.apache.maven.plugin.DefaultBuildPluginManager.executeMojo(DefaultBuildPluginManager.java:137)
	at org.apache.maven.lifecycle.internal.MojoExecutor.execute(MojoExecutor.java:210)
	at org.apache.maven.lifecycle.internal.MojoExecutor.execute(MojoExecutor.java:156)
	at org.apache.maven.lifecycle.internal.MojoExecutor.execute(MojoExecutor.java:148)
	at org.apache.maven.lifecycle.internal.LifecycleModuleBuilder.buildProject(LifecycleModuleBuilder.java:117)
	at org.apache.maven.lifecycle.internal.LifecycleModuleBuilder.buildProject(LifecycleModuleBuilder.java:81)
	at org.apache.maven.lifecycle.internal.builder.singlethreaded.SingleThreadedBuilder.build(SingleThreadedBuilder.java:56)
	at org.apache.maven.lifecycle.internal.LifecycleStarter.execute(LifecycleStarter.java:128)
	at org.apache.maven.DefaultMaven.doExecute(DefaultMaven.java:305)
	at org.apache.maven.DefaultMaven.doExecute(DefaultMaven.java:192)
	at org.apache.maven.DefaultMaven.execute(DefaultMaven.java:105)
	at org.apache.maven.cli.MavenCli.execute(MavenCli.java:972)
	at org.apache.maven.cli.MavenCli.doMain(MavenCli.java:293)
	at org.apache.maven.cli.MavenCli.main(MavenCli.java:196)
	at java.base/jdk.internal.reflect.NativeMethodAccessorImpl.invoke0(Native Method)
	at java.base/jdk.internal.reflect.NativeMethodAccessorImpl.invoke(NativeMethodAccessorImpl.java:77)
	at java.base/jdk.internal.reflect.DelegatingMethodAccessorImpl.invoke(DelegatingMethodAccessorImpl.java:43)
	at java.base/java.lang.reflect.Method.invoke(Method.java:568)
	at org.codehaus.plexus.classworlds.launcher.Launcher.launchEnhanced(Launcher.java:282)
	at org.codehaus.plexus.classworlds.launcher.Launcher.launch(Launcher.java:225)
	at org.codehaus.plexus.classworlds.launcher.Launcher.mainWithExitCode(Launcher.java:406)
	at org.codehaus.plexus.classworlds.launcher.Launcher.main(Launcher.java:347)
]]></failure>
    <system-out><![CDATA[TEST PASSED - Verify_Add_Task_By_Selecting_Milestone_In_Created_Project_By_Team_Member

Step :: Click on Login button
Step :: Enter Team Member Email Address
Step :: Enter Team Member Password Address
Step :: Click on Login button
Step :: Click on Project Task icon from dashboard
Step :: Click on Add New Project button
Step :: Enter only spaces in the Project name field
]]></system-out>
    <system-err><![CDATA[Starting ChromeDriver 102.0.5005.61 (0e59bcc00cc4985ce39ad31c150065f159d95ad3-refs/branch-heads/5005@{#819}) on port 35277
Only local connections are allowed.
Please see https://chromedriver.chromium.org/security-considerations for suggestions on keeping ChromeDriver safe.
ChromeDriver was started successfully.
]]></system-err>
  </testcase>
  <testcase name="Verify_Create_New_Project_By_Team_Member" classname="com.compliancesutra.verifications.TM_Tasks_Projects" time="31.832">
    <system-out><![CDATA[
TEST FAILED - Verify_Create_New_Project_By_Entering_Spaces_In_Project_Name_And_Overview_Fields_And_Without_Selecting_User_By_Team_Member



Step :: Click on Login button
Step :: Enter Team Member Email Address
Step :: Enter Team Member Password Address
Step :: Click on Login button
Step :: Click on Project Task icon from dashboard
Step :: Click on Add New Project button
Step :: Enter Project name :: difqf
Step :: Select User from User drop-down
Step :: Select Start Date as Today's Date
Step :: Select End Date as Next Month date
Step :: Enter Project overview
Step :: Click on Submit button
Step :: Verify the Message :: Project added updatead successfuly
Step :: Verify the Project :: difqf
]]></system-out>
    <system-err><![CDATA[Starting ChromeDriver 102.0.5005.61 (0e59bcc00cc4985ce39ad31c150065f159d95ad3-refs/branch-heads/5005@{#819}) on port 16537
Only local connections are allowed.
Please see https://chromedriver.chromium.org/security-considerations for suggestions on keeping ChromeDriver safe.
ChromeDriver was started successfully.
]]></system-err>
  </testcase>
  <testcase name="Verify_Create_New_Task_By_Blank_Spaces_In_Required_Fields_On_Tasks_Page_By_Team_Member" classname="com.compliancesutra.verifications.TM_Tasks_Projects" time="38.202">
    <system-out><![CDATA[TEST PASSED - Verify_Create_New_Project_By_Team_Member

Step :: Click on Login button
Step :: Enter Team Member Email Address
Step :: Enter Team Member Password Address
Step :: Click on Login button
Step :: Click on Project Task icon from dashboard
Step :: Click on Add New Task button
Step :: Enter only spaces Task name
Step :: Select Start date
Step :: Select Next month date as End date
Step :: Enter only spaces Task Description
Step :: Select Assign To
Step :: Enter only spaces Comments
Step :: Select End time
Step :: Upload file 
Step :: Click on Submit button
Step :: Verify the Message :: Something went wrong! Please try again.
]]></system-out>
    <system-err><![CDATA[Starting ChromeDriver 102.0.5005.61 (0e59bcc00cc4985ce39ad31c150065f159d95ad3-refs/branch-heads/5005@{#819}) on port 1660
Only local connections are allowed.
Please see https://chromedriver.chromium.org/security-considerations for suggestions on keeping ChromeDriver safe.
ChromeDriver was started successfully.
]]></system-err>
  </testcase>
  <testcase name="Verify_Create_New_Task_By_Team_Member_To_Assigning_Approver_And_Complete_That_Task_By_Approver_Then_Approve_That_Task_By_Team_Member" classname="com.compliancesutra.verifications.TM_Tasks_Projects" time="71.488">
    <failure message="no such element: Unable to locate element: {&quot;method&quot;:&quot;xpath&quot;,&quot;selector&quot;:&quot;//div[@role=&apos;alert&apos;]&quot;}&#10;  (Session info: chrome=102.0.5005.115)&#10;  (Driver info: chromedriver=102.0.5005.61 (0e59bcc00cc4985ce39ad31c150065f159d95ad3-refs/branch-heads/5005@{#819}),platform=Mac OS X 12.2.0 x86_64) (WARNING: The server did not provide any stacktrace information)&#10;Command duration or timeout: 22 milliseconds&#10;For documentation on this error, please visit: http://seleniumhq.org/exceptions/no_such_element.html&#10;Build info: version: &apos;2.53.0&apos;, revision: &apos;35ae25b1534ae328c771e0856c93e187490ca824&apos;, time: &apos;2016-03-15 10:43:46&apos;&#10;System info: host: &apos;Apples-MacBook-Pro-2.local&apos;, ip: &apos;192.168.10.60&apos;, os.name: &apos;Mac OS X&apos;, os.arch: &apos;x86_64&apos;, os.version: &apos;12.2&apos;, java.version: &apos;17&apos;&#10;Driver info: org.openqa.selenium.chrome.ChromeDriver&#10;Capabilities [{mobileEmulationEnabled=false, timeouts={implicit=0, pageLoad=300000, script=30000}, hasTouchScreen=false, platform=MAC, acceptSslCerts=false, goog:chromeOptions={debuggerAddress=localhost:57028}, webauthn:extension:credBlob=true, acceptInsecureCerts=false, webStorageEnabled=true, browserName=chrome, takesScreenshot=true, javascriptEnabled=true, setWindowRect=true, webauthn:extension:largeBlob=true, unexpectedAlertBehaviour=ignore, rotatable=false, networkConnectionEnabled=false, chrome={chromedriverVersion=102.0.5005.61 (0e59bcc00cc4985ce39ad31c150065f159d95ad3-refs/branch-heads/5005@{#819}), userDataDir=/var/folders/hq/dtvwwpd963j6cd1z1f4d3zyr0000gn/T/.com.google.Chrome.a2hxNR}, takesHeapSnapshot=true, pageLoadStrategy=normal, strictFileInteractability=false, databaseEnabled=false, handlesAlerts=true, version=102.0.5005.115, browserConnectionEnabled=false, proxy={}, nativeEvents=true, locationContextEnabled=true, cssSelectorsEnabled=true, webauthn:virtualAuthenticators=true}]&#10;Session ID: 61f76a6763c84035125e092fb04e18ce&#10;*** Element info: {Using=xpath, value=//div[@role=&apos;alert&apos;]}" type="org.openqa.selenium.NoSuchElementException"><![CDATA[org.openqa.selenium.NoSuchElementException: 
no such element: Unable to locate element: {"method":"xpath","selector":"//div[@role='alert']"}
  (Session info: chrome=102.0.5005.115)
  (Driver info: chromedriver=102.0.5005.61 (0e59bcc00cc4985ce39ad31c150065f159d95ad3-refs/branch-heads/5005@{#819}),platform=Mac OS X 12.2.0 x86_64) (WARNING: The server did not provide any stacktrace information)
Command duration or timeout: 22 milliseconds
For documentation on this error, please visit: http://seleniumhq.org/exceptions/no_such_element.html
Build info: version: '2.53.0', revision: '35ae25b1534ae328c771e0856c93e187490ca824', time: '2016-03-15 10:43:46'
System info: host: 'Apples-MacBook-Pro-2.local', ip: '127.0.0.1', os.name: 'Mac OS X', os.arch: 'x86_64', os.version: '12.2', java.version: '17'
Driver info: org.openqa.selenium.chrome.ChromeDriver
Capabilities [{mobileEmulationEnabled=false, timeouts={implicit=0, pageLoad=300000, script=30000}, hasTouchScreen=false, platform=MAC, acceptSslCerts=false, goog:chromeOptions={debuggerAddress=localhost:57028}, webauthn:extension:credBlob=true, acceptInsecureCerts=false, webStorageEnabled=true, browserName=chrome, takesScreenshot=true, javascriptEnabled=true, setWindowRect=true, webauthn:extension:largeBlob=true, unexpectedAlertBehaviour=ignore, rotatable=false, networkConnectionEnabled=false, chrome={chromedriverVersion=102.0.5005.61 (0e59bcc00cc4985ce39ad31c150065f159d95ad3-refs/branch-heads/5005@{#819}), userDataDir=/var/folders/hq/dtvwwpd963j6cd1z1f4d3zyr0000gn/T/.com.google.Chrome.a2hxNR}, takesHeapSnapshot=true, pageLoadStrategy=normal, strictFileInteractability=false, databaseEnabled=false, handlesAlerts=true, version=102.0.5005.115, browserConnectionEnabled=false, proxy={}, nativeEvents=true, locationContextEnabled=true, cssSelectorsEnabled=true, webauthn:virtualAuthenticators=true}]
Session ID: 61f76a6763c84035125e092fb04e18ce
*** Element info: {Using=xpath, value=//div[@role='alert']}
	at java.base/jdk.internal.reflect.NativeConstructorAccessorImpl.newInstance0(Native Method)
	at java.base/jdk.internal.reflect.NativeConstructorAccessorImpl.newInstance(NativeConstructorAccessorImpl.java:77)
	at java.base/jdk.internal.reflect.DelegatingConstructorAccessorImpl.newInstance(DelegatingConstructorAccessorImpl.java:45)
	at java.base/java.lang.reflect.Constructor.newInstanceWithCaller(Constructor.java:499)
	at java.base/java.lang.reflect.Constructor.newInstance(Constructor.java:480)
	at org.openqa.selenium.remote.ErrorHandler.createThrowable(ErrorHandler.java:206)
	at org.openqa.selenium.remote.ErrorHandler.throwIfResponseFailed(ErrorHandler.java:158)
	at org.openqa.selenium.remote.RemoteWebDriver.execute(RemoteWebDriver.java:678)
	at org.openqa.selenium.remote.RemoteWebDriver.findElement(RemoteWebDriver.java:363)
	at org.openqa.selenium.remote.RemoteWebDriver.findElementByXPath(RemoteWebDriver.java:500)
	at org.openqa.selenium.By$ByXPath.findElement(By.java:361)
	at org.openqa.selenium.remote.RemoteWebDriver.findElement(RemoteWebDriver.java:355)
	at com.compliancesutra.pages.TM_Task_Project.Verify_Create_New_Task_By_Team_Member_To_Assigning_Approver_And_Complete_That_Task_By_Approver_Then_Approve_That_Task_By_Team_Member(TM_Task_Project.java:3486)
	at com.compliancesutra.verifications.TM_Tasks_Projects.Verify_Create_New_Task_By_Team_Member_To_Assigning_Approver_And_Complete_That_Task_By_Approver_Then_Approve_That_Task_By_Team_Member(TM_Tasks_Projects.java:373)
	at java.base/jdk.internal.reflect.NativeMethodAccessorImpl.invoke0(Native Method)
	at java.base/jdk.internal.reflect.NativeMethodAccessorImpl.invoke(NativeMethodAccessorImpl.java:77)
	at java.base/jdk.internal.reflect.DelegatingMethodAccessorImpl.invoke(DelegatingMethodAccessorImpl.java:43)
	at java.base/java.lang.reflect.Method.invoke(Method.java:568)
	at org.testng.internal.MethodInvocationHelper.invokeMethod(MethodInvocationHelper.java:86)
	at org.testng.internal.Invoker.invokeMethod(Invoker.java:643)
	at org.testng.internal.Invoker.invokeTestMethod(Invoker.java:820)
	at org.testng.internal.Invoker.invokeTestMethods(Invoker.java:1128)
	at org.testng.internal.TestMethodWorker.invokeTestMethods(TestMethodWorker.java:129)
	at org.testng.internal.TestMethodWorker.run(TestMethodWorker.java:112)
	at org.testng.TestRunner.privateRun(TestRunner.java:782)
	at org.testng.TestRunner.run(TestRunner.java:632)
	at org.testng.SuiteRunner.runTest(SuiteRunner.java:366)
	at org.testng.SuiteRunner.runSequentially(SuiteRunner.java:361)
	at org.testng.SuiteRunner.privateRun(SuiteRunner.java:319)
	at org.testng.SuiteRunner.run(SuiteRunner.java:268)
	at org.testng.SuiteRunnerWorker.runSuite(SuiteRunnerWorker.java:52)
	at org.testng.SuiteRunnerWorker.run(SuiteRunnerWorker.java:86)
	at org.testng.TestNG.runSuitesSequentially(TestNG.java:1244)
	at org.testng.TestNG.runSuitesLocally(TestNG.java:1169)
	at org.testng.TestNG.run(TestNG.java:1064)
	at org.apache.maven.surefire.testng.TestNGExecutor.run(TestNGExecutor.java:324)
	at org.apache.maven.surefire.testng.TestNGXmlTestSuite.execute(TestNGXmlTestSuite.java:74)
	at org.apache.maven.surefire.testng.TestNGProvider.invoke(TestNGProvider.java:123)
	at java.base/jdk.internal.reflect.NativeMethodAccessorImpl.invoke0(Native Method)
	at java.base/jdk.internal.reflect.NativeMethodAccessorImpl.invoke(NativeMethodAccessorImpl.java:77)
	at java.base/jdk.internal.reflect.DelegatingMethodAccessorImpl.invoke(DelegatingMethodAccessorImpl.java:43)
	at java.base/java.lang.reflect.Method.invoke(Method.java:568)
	at org.apache.maven.surefire.api.util.ReflectionUtils.invokeMethodWithArray2(ReflectionUtils.java:183)
	at org.apache.maven.surefire.booter.ProviderFactory$ProviderProxy.invoke(ProviderFactory.java:161)
	at org.apache.maven.surefire.booter.ProviderFactory.invokeProvider(ProviderFactory.java:85)
	at org.apache.maven.plugin.surefire.InPluginVMSurefireStarter.runSuitesInProcess(InPluginVMSurefireStarter.java:92)
	at org.apache.maven.plugin.surefire.AbstractSurefireMojo.executeProvider(AbstractSurefireMojo.java:1310)
	at org.apache.maven.plugin.surefire.AbstractSurefireMojo.executeAfterPreconditionsChecked(AbstractSurefireMojo.java:1167)
	at org.apache.maven.plugin.surefire.AbstractSurefireMojo.execute(AbstractSurefireMojo.java:931)
	at org.apache.maven.plugin.DefaultBuildPluginManager.executeMojo(DefaultBuildPluginManager.java:137)
	at org.apache.maven.lifecycle.internal.MojoExecutor.execute(MojoExecutor.java:210)
	at org.apache.maven.lifecycle.internal.MojoExecutor.execute(MojoExecutor.java:156)
	at org.apache.maven.lifecycle.internal.MojoExecutor.execute(MojoExecutor.java:148)
	at org.apache.maven.lifecycle.internal.LifecycleModuleBuilder.buildProject(LifecycleModuleBuilder.java:117)
	at org.apache.maven.lifecycle.internal.LifecycleModuleBuilder.buildProject(LifecycleModuleBuilder.java:81)
	at org.apache.maven.lifecycle.internal.builder.singlethreaded.SingleThreadedBuilder.build(SingleThreadedBuilder.java:56)
	at org.apache.maven.lifecycle.internal.LifecycleStarter.execute(LifecycleStarter.java:128)
	at org.apache.maven.DefaultMaven.doExecute(DefaultMaven.java:305)
	at org.apache.maven.DefaultMaven.doExecute(DefaultMaven.java:192)
	at org.apache.maven.DefaultMaven.execute(DefaultMaven.java:105)
	at org.apache.maven.cli.MavenCli.execute(MavenCli.java:972)
	at org.apache.maven.cli.MavenCli.doMain(MavenCli.java:293)
	at org.apache.maven.cli.MavenCli.main(MavenCli.java:196)
	at java.base/jdk.internal.reflect.NativeMethodAccessorImpl.invoke0(Native Method)
	at java.base/jdk.internal.reflect.NativeMethodAccessorImpl.invoke(NativeMethodAccessorImpl.java:77)
	at java.base/jdk.internal.reflect.DelegatingMethodAccessorImpl.invoke(DelegatingMethodAccessorImpl.java:43)
	at java.base/java.lang.reflect.Method.invoke(Method.java:568)
	at org.codehaus.plexus.classworlds.launcher.Launcher.launchEnhanced(Launcher.java:282)
	at org.codehaus.plexus.classworlds.launcher.Launcher.launch(Launcher.java:225)
	at org.codehaus.plexus.classworlds.launcher.Launcher.mainWithExitCode(Launcher.java:406)
	at org.codehaus.plexus.classworlds.launcher.Launcher.main(Launcher.java:347)
]]></failure>
    <system-out><![CDATA[TEST PASSED - Verify_Create_New_Task_By_Blank_Spaces_In_Required_Fields_On_Tasks_Page_By_Team_Member

Step :: Click on Login button
Step :: Enter Team Member Email Address
Step :: Enter Team Member Password Address
Step :: Click on Login button
Step :: Click on Project Task icon from dashboard
Step :: Click on Add New Task button
Step :: Enter Task name :: joffv
Step :: Select Start date
Step :: Select Next month date as End date
Step :: Enter Task Description
Step :: Select Assign To
Step :: Enter Comments
Step :: Select End time
Step :: Upload file 
Step :: Click on Submit button
Step :: Verify the Message :: Task has been Updated
Step :: Click on Task menu
Step :: Verify the Task name :: joffv
Step :: Click on Profile icon
Step :: Click on Logout button
Step :: Enter Approver Email Address
Step :: Enter Approver Password Address
Step :: Click on Login button
Step :: Click on Search icon
Step :: Enter created task name :: joffv
Step :: Click on Searched Task
Step :: Verify the task title :: joffv
Task
Step :: Verify the task Status :: Task Assigned
Step :: Upload file 
]]></system-out>
    <system-err><![CDATA[Starting ChromeDriver 102.0.5005.61 (0e59bcc00cc4985ce39ad31c150065f159d95ad3-refs/branch-heads/5005@{#819}) on port 23040
Only local connections are allowed.
Please see https://chromedriver.chromium.org/security-considerations for suggestions on keeping ChromeDriver safe.
ChromeDriver was started successfully.
]]></system-err>
  </testcase>
  <testcase name="Verify_Create_New_Task_By_Team_Member_To_Assigning_Approver_And_Complete_That_Task_By_Approver_Then_Reject_That_Task_By_Team_Member" classname="com.compliancesutra.verifications.TM_Tasks_Projects" time="71.33">
    <failure message="no such element: Unable to locate element: {&quot;method&quot;:&quot;xpath&quot;,&quot;selector&quot;:&quot;//div[@role=&apos;alert&apos;]&quot;}&#10;  (Session info: chrome=102.0.5005.115)&#10;  (Driver info: chromedriver=102.0.5005.61 (0e59bcc00cc4985ce39ad31c150065f159d95ad3-refs/branch-heads/5005@{#819}),platform=Mac OS X 12.2.0 x86_64) (WARNING: The server did not provide any stacktrace information)&#10;Command duration or timeout: 18 milliseconds&#10;For documentation on this error, please visit: http://seleniumhq.org/exceptions/no_such_element.html&#10;Build info: version: &apos;2.53.0&apos;, revision: &apos;35ae25b1534ae328c771e0856c93e187490ca824&apos;, time: &apos;2016-03-15 10:43:46&apos;&#10;System info: host: &apos;Apples-MacBook-Pro-2.local&apos;, ip: &apos;192.168.10.60&apos;, os.name: &apos;Mac OS X&apos;, os.arch: &apos;x86_64&apos;, os.version: &apos;12.2&apos;, java.version: &apos;17&apos;&#10;Driver info: org.openqa.selenium.chrome.ChromeDriver&#10;Capabilities [{mobileEmulationEnabled=false, timeouts={implicit=0, pageLoad=300000, script=30000}, hasTouchScreen=false, platform=MAC, acceptSslCerts=false, goog:chromeOptions={debuggerAddress=localhost:57107}, webauthn:extension:credBlob=true, acceptInsecureCerts=false, webStorageEnabled=true, browserName=chrome, takesScreenshot=true, javascriptEnabled=true, setWindowRect=true, webauthn:extension:largeBlob=true, unexpectedAlertBehaviour=ignore, rotatable=false, networkConnectionEnabled=false, chrome={chromedriverVersion=102.0.5005.61 (0e59bcc00cc4985ce39ad31c150065f159d95ad3-refs/branch-heads/5005@{#819}), userDataDir=/var/folders/hq/dtvwwpd963j6cd1z1f4d3zyr0000gn/T/.com.google.Chrome.K7UhRw}, takesHeapSnapshot=true, pageLoadStrategy=normal, strictFileInteractability=false, databaseEnabled=false, handlesAlerts=true, version=102.0.5005.115, browserConnectionEnabled=false, proxy={}, nativeEvents=true, locationContextEnabled=true, cssSelectorsEnabled=true, webauthn:virtualAuthenticators=true}]&#10;Session ID: 194481386273cf228ebd611bbc89497e&#10;*** Element info: {Using=xpath, value=//div[@role=&apos;alert&apos;]}" type="org.openqa.selenium.NoSuchElementException"><![CDATA[org.openqa.selenium.NoSuchElementException: 
no such element: Unable to locate element: {"method":"xpath","selector":"//div[@role='alert']"}
  (Session info: chrome=102.0.5005.115)
  (Driver info: chromedriver=102.0.5005.61 (0e59bcc00cc4985ce39ad31c150065f159d95ad3-refs/branch-heads/5005@{#819}),platform=Mac OS X 12.2.0 x86_64) (WARNING: The server did not provide any stacktrace information)
Command duration or timeout: 18 milliseconds
For documentation on this error, please visit: http://seleniumhq.org/exceptions/no_such_element.html
Build info: version: '2.53.0', revision: '35ae25b1534ae328c771e0856c93e187490ca824', time: '2016-03-15 10:43:46'
System info: host: 'Apples-MacBook-Pro-2.local', ip: '127.0.0.1', os.name: 'Mac OS X', os.arch: 'x86_64', os.version: '12.2', java.version: '17'
Driver info: org.openqa.selenium.chrome.ChromeDriver
Capabilities [{mobileEmulationEnabled=false, timeouts={implicit=0, pageLoad=300000, script=30000}, hasTouchScreen=false, platform=MAC, acceptSslCerts=false, goog:chromeOptions={debuggerAddress=localhost:57107}, webauthn:extension:credBlob=true, acceptInsecureCerts=false, webStorageEnabled=true, browserName=chrome, takesScreenshot=true, javascriptEnabled=true, setWindowRect=true, webauthn:extension:largeBlob=true, unexpectedAlertBehaviour=ignore, rotatable=false, networkConnectionEnabled=false, chrome={chromedriverVersion=102.0.5005.61 (0e59bcc00cc4985ce39ad31c150065f159d95ad3-refs/branch-heads/5005@{#819}), userDataDir=/var/folders/hq/dtvwwpd963j6cd1z1f4d3zyr0000gn/T/.com.google.Chrome.K7UhRw}, takesHeapSnapshot=true, pageLoadStrategy=normal, strictFileInteractability=false, databaseEnabled=false, handlesAlerts=true, version=102.0.5005.115, browserConnectionEnabled=false, proxy={}, nativeEvents=true, locationContextEnabled=true, cssSelectorsEnabled=true, webauthn:virtualAuthenticators=true}]
Session ID: 194481386273cf228ebd611bbc89497e
*** Element info: {Using=xpath, value=//div[@role='alert']}
	at java.base/jdk.internal.reflect.NativeConstructorAccessorImpl.newInstance0(Native Method)
	at java.base/jdk.internal.reflect.NativeConstructorAccessorImpl.newInstance(NativeConstructorAccessorImpl.java:77)
	at java.base/jdk.internal.reflect.DelegatingConstructorAccessorImpl.newInstance(DelegatingConstructorAccessorImpl.java:45)
	at java.base/java.lang.reflect.Constructor.newInstanceWithCaller(Constructor.java:499)
	at java.base/java.lang.reflect.Constructor.newInstance(Constructor.java:480)
	at org.openqa.selenium.remote.ErrorHandler.createThrowable(ErrorHandler.java:206)
	at org.openqa.selenium.remote.ErrorHandler.throwIfResponseFailed(ErrorHandler.java:158)
	at org.openqa.selenium.remote.RemoteWebDriver.execute(RemoteWebDriver.java:678)
	at org.openqa.selenium.remote.RemoteWebDriver.findElement(RemoteWebDriver.java:363)
	at org.openqa.selenium.remote.RemoteWebDriver.findElementByXPath(RemoteWebDriver.java:500)
	at org.openqa.selenium.By$ByXPath.findElement(By.java:361)
	at org.openqa.selenium.remote.RemoteWebDriver.findElement(RemoteWebDriver.java:355)
	at com.compliancesutra.pages.TM_Task_Project.Verify_Create_New_Task_By_Team_Member_To_Assigning_Approver_And_Complete_That_Task_By_Approver_Then_Reject_That_Task_By_Team_Member(TM_Task_Project.java:3815)
	at com.compliancesutra.verifications.TM_Tasks_Projects.Verify_Create_New_Task_By_Team_Member_To_Assigning_Approver_And_Complete_That_Task_By_Approver_Then_Reject_That_Task_By_Team_Member(TM_Tasks_Projects.java:385)
	at java.base/jdk.internal.reflect.NativeMethodAccessorImpl.invoke0(Native Method)
	at java.base/jdk.internal.reflect.NativeMethodAccessorImpl.invoke(NativeMethodAccessorImpl.java:77)
	at java.base/jdk.internal.reflect.DelegatingMethodAccessorImpl.invoke(DelegatingMethodAccessorImpl.java:43)
	at java.base/java.lang.reflect.Method.invoke(Method.java:568)
	at org.testng.internal.MethodInvocationHelper.invokeMethod(MethodInvocationHelper.java:86)
	at org.testng.internal.Invoker.invokeMethod(Invoker.java:643)
	at org.testng.internal.Invoker.invokeTestMethod(Invoker.java:820)
	at org.testng.internal.Invoker.invokeTestMethods(Invoker.java:1128)
	at org.testng.internal.TestMethodWorker.invokeTestMethods(TestMethodWorker.java:129)
	at org.testng.internal.TestMethodWorker.run(TestMethodWorker.java:112)
	at org.testng.TestRunner.privateRun(TestRunner.java:782)
	at org.testng.TestRunner.run(TestRunner.java:632)
	at org.testng.SuiteRunner.runTest(SuiteRunner.java:366)
	at org.testng.SuiteRunner.runSequentially(SuiteRunner.java:361)
	at org.testng.SuiteRunner.privateRun(SuiteRunner.java:319)
	at org.testng.SuiteRunner.run(SuiteRunner.java:268)
	at org.testng.SuiteRunnerWorker.runSuite(SuiteRunnerWorker.java:52)
	at org.testng.SuiteRunnerWorker.run(SuiteRunnerWorker.java:86)
	at org.testng.TestNG.runSuitesSequentially(TestNG.java:1244)
	at org.testng.TestNG.runSuitesLocally(TestNG.java:1169)
	at org.testng.TestNG.run(TestNG.java:1064)
	at org.apache.maven.surefire.testng.TestNGExecutor.run(TestNGExecutor.java:324)
	at org.apache.maven.surefire.testng.TestNGXmlTestSuite.execute(TestNGXmlTestSuite.java:74)
	at org.apache.maven.surefire.testng.TestNGProvider.invoke(TestNGProvider.java:123)
	at java.base/jdk.internal.reflect.NativeMethodAccessorImpl.invoke0(Native Method)
	at java.base/jdk.internal.reflect.NativeMethodAccessorImpl.invoke(NativeMethodAccessorImpl.java:77)
	at java.base/jdk.internal.reflect.DelegatingMethodAccessorImpl.invoke(DelegatingMethodAccessorImpl.java:43)
	at java.base/java.lang.reflect.Method.invoke(Method.java:568)
	at org.apache.maven.surefire.api.util.ReflectionUtils.invokeMethodWithArray2(ReflectionUtils.java:183)
	at org.apache.maven.surefire.booter.ProviderFactory$ProviderProxy.invoke(ProviderFactory.java:161)
	at org.apache.maven.surefire.booter.ProviderFactory.invokeProvider(ProviderFactory.java:85)
	at org.apache.maven.plugin.surefire.InPluginVMSurefireStarter.runSuitesInProcess(InPluginVMSurefireStarter.java:92)
	at org.apache.maven.plugin.surefire.AbstractSurefireMojo.executeProvider(AbstractSurefireMojo.java:1310)
	at org.apache.maven.plugin.surefire.AbstractSurefireMojo.executeAfterPreconditionsChecked(AbstractSurefireMojo.java:1167)
	at org.apache.maven.plugin.surefire.AbstractSurefireMojo.execute(AbstractSurefireMojo.java:931)
	at org.apache.maven.plugin.DefaultBuildPluginManager.executeMojo(DefaultBuildPluginManager.java:137)
	at org.apache.maven.lifecycle.internal.MojoExecutor.execute(MojoExecutor.java:210)
	at org.apache.maven.lifecycle.internal.MojoExecutor.execute(MojoExecutor.java:156)
	at org.apache.maven.lifecycle.internal.MojoExecutor.execute(MojoExecutor.java:148)
	at org.apache.maven.lifecycle.internal.LifecycleModuleBuilder.buildProject(LifecycleModuleBuilder.java:117)
	at org.apache.maven.lifecycle.internal.LifecycleModuleBuilder.buildProject(LifecycleModuleBuilder.java:81)
	at org.apache.maven.lifecycle.internal.builder.singlethreaded.SingleThreadedBuilder.build(SingleThreadedBuilder.java:56)
	at org.apache.maven.lifecycle.internal.LifecycleStarter.execute(LifecycleStarter.java:128)
	at org.apache.maven.DefaultMaven.doExecute(DefaultMaven.java:305)
	at org.apache.maven.DefaultMaven.doExecute(DefaultMaven.java:192)
	at org.apache.maven.DefaultMaven.execute(DefaultMaven.java:105)
	at org.apache.maven.cli.MavenCli.execute(MavenCli.java:972)
	at org.apache.maven.cli.MavenCli.doMain(MavenCli.java:293)
	at org.apache.maven.cli.MavenCli.main(MavenCli.java:196)
	at java.base/jdk.internal.reflect.NativeMethodAccessorImpl.invoke0(Native Method)
	at java.base/jdk.internal.reflect.NativeMethodAccessorImpl.invoke(NativeMethodAccessorImpl.java:77)
	at java.base/jdk.internal.reflect.DelegatingMethodAccessorImpl.invoke(DelegatingMethodAccessorImpl.java:43)
	at java.base/java.lang.reflect.Method.invoke(Method.java:568)
	at org.codehaus.plexus.classworlds.launcher.Launcher.launchEnhanced(Launcher.java:282)
	at org.codehaus.plexus.classworlds.launcher.Launcher.launch(Launcher.java:225)
	at org.codehaus.plexus.classworlds.launcher.Launcher.mainWithExitCode(Launcher.java:406)
	at org.codehaus.plexus.classworlds.launcher.Launcher.main(Launcher.java:347)
]]></failure>
    <system-out><![CDATA[
TEST FAILED - Verify_Create_New_Task_By_Team_Member_To_Assigning_Approver_And_Complete_That_Task_By_Approver_Then_Approve_That_Task_By_Team_Member



Step :: Click on Login button
Step :: Enter Team Member Email Address
Step :: Enter Team Member Password Address
Step :: Click on Login button
Step :: Click on Project Task icon from dashboard
Step :: Click on Add New Task button
Step :: Enter Task name :: zjiii
Step :: Select Start date
Step :: Select Next month date as End date
Step :: Enter Task Description
Step :: Select Assign To
Step :: Enter Comments
Step :: Select End time
Step :: Upload file 
Step :: Click on Submit button
Step :: Verify the Message :: Task has been Updated
Step :: Click on Task menu
Step :: Verify the Task name :: zjiii
Step :: Click on Profile icon
Step :: Click on Logout button
Step :: Enter Approver Email Address
Step :: Enter Approver Password Address
Step :: Click on Login button
Step :: Click on Search icon
Step :: Enter created task name :: zjiii
Step :: Click on Searched Task
Step :: Verify the task title :: zjiii
Task
Step :: Verify the task Status :: Task Assigned
Step :: Upload file 
]]></system-out>
    <system-err><![CDATA[Starting ChromeDriver 102.0.5005.61 (0e59bcc00cc4985ce39ad31c150065f159d95ad3-refs/branch-heads/5005@{#819}) on port 2415
Only local connections are allowed.
Please see https://chromedriver.chromium.org/security-considerations for suggestions on keeping ChromeDriver safe.
ChromeDriver was started successfully.
]]></system-err>
  </testcase>
  <testcase name="Verify_Create_New_Task_By_Team_Member_To_Assigning_CS_Officer_And_Complete_That_Task_By_CS_Officer_Then_Approve_That_Task_By_Team_Member" classname="com.compliancesutra.verifications.TM_Tasks_Projects" time="72.498">
    <failure message="no such element: Unable to locate element: {&quot;method&quot;:&quot;xpath&quot;,&quot;selector&quot;:&quot;//div[@role=&apos;alert&apos;]&quot;}&#10;  (Session info: chrome=102.0.5005.115)&#10;  (Driver info: chromedriver=102.0.5005.61 (0e59bcc00cc4985ce39ad31c150065f159d95ad3-refs/branch-heads/5005@{#819}),platform=Mac OS X 12.2.0 x86_64) (WARNING: The server did not provide any stacktrace information)&#10;Command duration or timeout: 20 milliseconds&#10;For documentation on this error, please visit: http://seleniumhq.org/exceptions/no_such_element.html&#10;Build info: version: &apos;2.53.0&apos;, revision: &apos;35ae25b1534ae328c771e0856c93e187490ca824&apos;, time: &apos;2016-03-15 10:43:46&apos;&#10;System info: host: &apos;Apples-MacBook-Pro-2.local&apos;, ip: &apos;127.0.0.1&apos;, os.name: &apos;Mac OS X&apos;, os.arch: &apos;x86_64&apos;, os.version: &apos;12.2&apos;, java.version: &apos;17&apos;&#10;Driver info: org.openqa.selenium.chrome.ChromeDriver&#10;Capabilities [{mobileEmulationEnabled=false, timeouts={implicit=0, pageLoad=300000, script=30000}, hasTouchScreen=false, platform=MAC, acceptSslCerts=false, goog:chromeOptions={debuggerAddress=localhost:57162}, webauthn:extension:credBlob=true, acceptInsecureCerts=false, webStorageEnabled=true, browserName=chrome, takesScreenshot=true, javascriptEnabled=true, setWindowRect=true, webauthn:extension:largeBlob=true, unexpectedAlertBehaviour=ignore, rotatable=false, networkConnectionEnabled=false, chrome={chromedriverVersion=102.0.5005.61 (0e59bcc00cc4985ce39ad31c150065f159d95ad3-refs/branch-heads/5005@{#819}), userDataDir=/var/folders/hq/dtvwwpd963j6cd1z1f4d3zyr0000gn/T/.com.google.Chrome.9RmqWO}, takesHeapSnapshot=true, pageLoadStrategy=normal, strictFileInteractability=false, databaseEnabled=false, handlesAlerts=true, version=102.0.5005.115, browserConnectionEnabled=false, proxy={}, nativeEvents=true, locationContextEnabled=true, cssSelectorsEnabled=true, webauthn:virtualAuthenticators=true}]&#10;Session ID: 1007cdafec2d9e370191ec8e5ecc4ad5&#10;*** Element info: {Using=xpath, value=//div[@role=&apos;alert&apos;]}" type="org.openqa.selenium.NoSuchElementException"><![CDATA[org.openqa.selenium.NoSuchElementException: 
no such element: Unable to locate element: {"method":"xpath","selector":"//div[@role='alert']"}
  (Session info: chrome=102.0.5005.115)
  (Driver info: chromedriver=102.0.5005.61 (0e59bcc00cc4985ce39ad31c150065f159d95ad3-refs/branch-heads/5005@{#819}),platform=Mac OS X 12.2.0 x86_64) (WARNING: The server did not provide any stacktrace information)
Command duration or timeout: 20 milliseconds
For documentation on this error, please visit: http://seleniumhq.org/exceptions/no_such_element.html
Build info: version: '2.53.0', revision: '35ae25b1534ae328c771e0856c93e187490ca824', time: '2016-03-15 10:43:46'
System info: host: 'Apples-MacBook-Pro-2.local', ip: '127.0.0.1', os.name: 'Mac OS X', os.arch: 'x86_64', os.version: '12.2', java.version: '17'
Driver info: org.openqa.selenium.chrome.ChromeDriver
Capabilities [{mobileEmulationEnabled=false, timeouts={implicit=0, pageLoad=300000, script=30000}, hasTouchScreen=false, platform=MAC, acceptSslCerts=false, goog:chromeOptions={debuggerAddress=localhost:57162}, webauthn:extension:credBlob=true, acceptInsecureCerts=false, webStorageEnabled=true, browserName=chrome, takesScreenshot=true, javascriptEnabled=true, setWindowRect=true, webauthn:extension:largeBlob=true, unexpectedAlertBehaviour=ignore, rotatable=false, networkConnectionEnabled=false, chrome={chromedriverVersion=102.0.5005.61 (0e59bcc00cc4985ce39ad31c150065f159d95ad3-refs/branch-heads/5005@{#819}), userDataDir=/var/folders/hq/dtvwwpd963j6cd1z1f4d3zyr0000gn/T/.com.google.Chrome.9RmqWO}, takesHeapSnapshot=true, pageLoadStrategy=normal, strictFileInteractability=false, databaseEnabled=false, handlesAlerts=true, version=102.0.5005.115, browserConnectionEnabled=false, proxy={}, nativeEvents=true, locationContextEnabled=true, cssSelectorsEnabled=true, webauthn:virtualAuthenticators=true}]
Session ID: 1007cdafec2d9e370191ec8e5ecc4ad5
*** Element info: {Using=xpath, value=//div[@role='alert']}
	at java.base/jdk.internal.reflect.NativeConstructorAccessorImpl.newInstance0(Native Method)
	at java.base/jdk.internal.reflect.NativeConstructorAccessorImpl.newInstance(NativeConstructorAccessorImpl.java:77)
	at java.base/jdk.internal.reflect.DelegatingConstructorAccessorImpl.newInstance(DelegatingConstructorAccessorImpl.java:45)
	at java.base/java.lang.reflect.Constructor.newInstanceWithCaller(Constructor.java:499)
	at java.base/java.lang.reflect.Constructor.newInstance(Constructor.java:480)
	at org.openqa.selenium.remote.ErrorHandler.createThrowable(ErrorHandler.java:206)
	at org.openqa.selenium.remote.ErrorHandler.throwIfResponseFailed(ErrorHandler.java:158)
	at org.openqa.selenium.remote.RemoteWebDriver.execute(RemoteWebDriver.java:678)
	at org.openqa.selenium.remote.RemoteWebDriver.findElement(RemoteWebDriver.java:363)
	at org.openqa.selenium.remote.RemoteWebDriver.findElementByXPath(RemoteWebDriver.java:500)
	at org.openqa.selenium.By$ByXPath.findElement(By.java:361)
	at org.openqa.selenium.remote.RemoteWebDriver.findElement(RemoteWebDriver.java:355)
	at com.compliancesutra.pages.TM_Task_Project.Verify_Create_New_Task_By_Team_Member_To_Assigning_CS_Officer_And_Complete_That_Task_By_CS_Officer_Then_Approve_That_Task_By_Team_Member(TM_Task_Project.java:4156)
	at com.compliancesutra.verifications.TM_Tasks_Projects.Verify_Create_New_Task_By_Team_Member_To_Assigning_CS_Officer_And_Complete_That_Task_By_CS_Officer_Then_Approve_That_Task_By_Team_Member(TM_Tasks_Projects.java:397)
	at java.base/jdk.internal.reflect.NativeMethodAccessorImpl.invoke0(Native Method)
	at java.base/jdk.internal.reflect.NativeMethodAccessorImpl.invoke(NativeMethodAccessorImpl.java:77)
	at java.base/jdk.internal.reflect.DelegatingMethodAccessorImpl.invoke(DelegatingMethodAccessorImpl.java:43)
	at java.base/java.lang.reflect.Method.invoke(Method.java:568)
	at org.testng.internal.MethodInvocationHelper.invokeMethod(MethodInvocationHelper.java:86)
	at org.testng.internal.Invoker.invokeMethod(Invoker.java:643)
	at org.testng.internal.Invoker.invokeTestMethod(Invoker.java:820)
	at org.testng.internal.Invoker.invokeTestMethods(Invoker.java:1128)
	at org.testng.internal.TestMethodWorker.invokeTestMethods(TestMethodWorker.java:129)
	at org.testng.internal.TestMethodWorker.run(TestMethodWorker.java:112)
	at org.testng.TestRunner.privateRun(TestRunner.java:782)
	at org.testng.TestRunner.run(TestRunner.java:632)
	at org.testng.SuiteRunner.runTest(SuiteRunner.java:366)
	at org.testng.SuiteRunner.runSequentially(SuiteRunner.java:361)
	at org.testng.SuiteRunner.privateRun(SuiteRunner.java:319)
	at org.testng.SuiteRunner.run(SuiteRunner.java:268)
	at org.testng.SuiteRunnerWorker.runSuite(SuiteRunnerWorker.java:52)
	at org.testng.SuiteRunnerWorker.run(SuiteRunnerWorker.java:86)
	at org.testng.TestNG.runSuitesSequentially(TestNG.java:1244)
	at org.testng.TestNG.runSuitesLocally(TestNG.java:1169)
	at org.testng.TestNG.run(TestNG.java:1064)
	at org.apache.maven.surefire.testng.TestNGExecutor.run(TestNGExecutor.java:324)
	at org.apache.maven.surefire.testng.TestNGXmlTestSuite.execute(TestNGXmlTestSuite.java:74)
	at org.apache.maven.surefire.testng.TestNGProvider.invoke(TestNGProvider.java:123)
	at java.base/jdk.internal.reflect.NativeMethodAccessorImpl.invoke0(Native Method)
	at java.base/jdk.internal.reflect.NativeMethodAccessorImpl.invoke(NativeMethodAccessorImpl.java:77)
	at java.base/jdk.internal.reflect.DelegatingMethodAccessorImpl.invoke(DelegatingMethodAccessorImpl.java:43)
	at java.base/java.lang.reflect.Method.invoke(Method.java:568)
	at org.apache.maven.surefire.api.util.ReflectionUtils.invokeMethodWithArray2(ReflectionUtils.java:183)
	at org.apache.maven.surefire.booter.ProviderFactory$ProviderProxy.invoke(ProviderFactory.java:161)
	at org.apache.maven.surefire.booter.ProviderFactory.invokeProvider(ProviderFactory.java:85)
	at org.apache.maven.plugin.surefire.InPluginVMSurefireStarter.runSuitesInProcess(InPluginVMSurefireStarter.java:92)
	at org.apache.maven.plugin.surefire.AbstractSurefireMojo.executeProvider(AbstractSurefireMojo.java:1310)
	at org.apache.maven.plugin.surefire.AbstractSurefireMojo.executeAfterPreconditionsChecked(AbstractSurefireMojo.java:1167)
	at org.apache.maven.plugin.surefire.AbstractSurefireMojo.execute(AbstractSurefireMojo.java:931)
	at org.apache.maven.plugin.DefaultBuildPluginManager.executeMojo(DefaultBuildPluginManager.java:137)
	at org.apache.maven.lifecycle.internal.MojoExecutor.execute(MojoExecutor.java:210)
	at org.apache.maven.lifecycle.internal.MojoExecutor.execute(MojoExecutor.java:156)
	at org.apache.maven.lifecycle.internal.MojoExecutor.execute(MojoExecutor.java:148)
	at org.apache.maven.lifecycle.internal.LifecycleModuleBuilder.buildProject(LifecycleModuleBuilder.java:117)
	at org.apache.maven.lifecycle.internal.LifecycleModuleBuilder.buildProject(LifecycleModuleBuilder.java:81)
	at org.apache.maven.lifecycle.internal.builder.singlethreaded.SingleThreadedBuilder.build(SingleThreadedBuilder.java:56)
	at org.apache.maven.lifecycle.internal.LifecycleStarter.execute(LifecycleStarter.java:128)
	at org.apache.maven.DefaultMaven.doExecute(DefaultMaven.java:305)
	at org.apache.maven.DefaultMaven.doExecute(DefaultMaven.java:192)
	at org.apache.maven.DefaultMaven.execute(DefaultMaven.java:105)
	at org.apache.maven.cli.MavenCli.execute(MavenCli.java:972)
	at org.apache.maven.cli.MavenCli.doMain(MavenCli.java:293)
	at org.apache.maven.cli.MavenCli.main(MavenCli.java:196)
	at java.base/jdk.internal.reflect.NativeMethodAccessorImpl.invoke0(Native Method)
	at java.base/jdk.internal.reflect.NativeMethodAccessorImpl.invoke(NativeMethodAccessorImpl.java:77)
	at java.base/jdk.internal.reflect.DelegatingMethodAccessorImpl.invoke(DelegatingMethodAccessorImpl.java:43)
	at java.base/java.lang.reflect.Method.invoke(Method.java:568)
	at org.codehaus.plexus.classworlds.launcher.Launcher.launchEnhanced(Launcher.java:282)
	at org.codehaus.plexus.classworlds.launcher.Launcher.launch(Launcher.java:225)
	at org.codehaus.plexus.classworlds.launcher.Launcher.mainWithExitCode(Launcher.java:406)
	at org.codehaus.plexus.classworlds.launcher.Launcher.main(Launcher.java:347)
]]></failure>
    <system-out><![CDATA[
TEST FAILED - Verify_Create_New_Task_By_Team_Member_To_Assigning_Approver_And_Complete_That_Task_By_Approver_Then_Reject_That_Task_By_Team_Member



Step :: Click on Login button
Step :: Enter Team Member Email Address
Step :: Enter Team Member Password Address
Step :: Click on Login button
Step :: Click on Project Task icon from dashboard
Step :: Click on Add New Task button
Step :: Enter Task name :: zoicv
Step :: Select Start date
Step :: Select Next month date as End date
Step :: Enter Task Description
Step :: Select Assign To
Step :: Enter Comments
Step :: Select End time
Step :: Upload file 
Step :: Click on Submit button
Step :: Verify the Message :: Task has been Updated
Step :: Click on Task menu
Step :: Verify the Task name :: zoicv
Step :: Click on Profile icon
Step :: Click on Logout button
Step :: Enter Compliance Officer Email Address
Step :: Enter Compliance Officer Password Address
Step :: Click on Login button
Step :: Click on Task Menu
Step :: Click on Search icon
Step :: Enter created task name :: zoicv
Step :: Click on Searched Task
Step :: Verify the task title :: zoicv
Task
Step :: Verify the task Status :: Task Assigned
Step :: Upload file 
]]></system-out>
    <system-err><![CDATA[Starting ChromeDriver 102.0.5005.61 (0e59bcc00cc4985ce39ad31c150065f159d95ad3-refs/branch-heads/5005@{#819}) on port 2747
Only local connections are allowed.
Please see https://chromedriver.chromium.org/security-considerations for suggestions on keeping ChromeDriver safe.
ChromeDriver was started successfully.
]]></system-err>
  </testcase>
  <testcase name="Verify_Create_New_Task_By_Team_Member_To_Assigning_CS_Officer_And_Complete_That_Task_By_CS_Officer_Then_Reject_That_Task_By_Team_Member" classname="com.compliancesutra.verifications.TM_Tasks_Projects" time="75.792">
    <failure message="no such element: Unable to locate element: {&quot;method&quot;:&quot;xpath&quot;,&quot;selector&quot;:&quot;//div[@role=&apos;alert&apos;]&quot;}&#10;  (Session info: chrome=102.0.5005.115)&#10;  (Driver info: chromedriver=102.0.5005.61 (0e59bcc00cc4985ce39ad31c150065f159d95ad3-refs/branch-heads/5005@{#819}),platform=Mac OS X 12.2.0 x86_64) (WARNING: The server did not provide any stacktrace information)&#10;Command duration or timeout: 22 milliseconds&#10;For documentation on this error, please visit: http://seleniumhq.org/exceptions/no_such_element.html&#10;Build info: version: &apos;2.53.0&apos;, revision: &apos;35ae25b1534ae328c771e0856c93e187490ca824&apos;, time: &apos;2016-03-15 10:43:46&apos;&#10;System info: host: &apos;Apples-MacBook-Pro-2.local&apos;, ip: &apos;127.0.0.1&apos;, os.name: &apos;Mac OS X&apos;, os.arch: &apos;x86_64&apos;, os.version: &apos;12.2&apos;, java.version: &apos;17&apos;&#10;Driver info: org.openqa.selenium.chrome.ChromeDriver&#10;Capabilities [{mobileEmulationEnabled=false, timeouts={implicit=0, pageLoad=300000, script=30000}, hasTouchScreen=false, platform=MAC, acceptSslCerts=false, goog:chromeOptions={debuggerAddress=localhost:57218}, webauthn:extension:credBlob=true, acceptInsecureCerts=false, webStorageEnabled=true, browserName=chrome, takesScreenshot=true, javascriptEnabled=true, setWindowRect=true, webauthn:extension:largeBlob=true, unexpectedAlertBehaviour=ignore, rotatable=false, networkConnectionEnabled=false, chrome={chromedriverVersion=102.0.5005.61 (0e59bcc00cc4985ce39ad31c150065f159d95ad3-refs/branch-heads/5005@{#819}), userDataDir=/var/folders/hq/dtvwwpd963j6cd1z1f4d3zyr0000gn/T/.com.google.Chrome.3zNh4O}, takesHeapSnapshot=true, pageLoadStrategy=normal, strictFileInteractability=false, databaseEnabled=false, handlesAlerts=true, version=102.0.5005.115, browserConnectionEnabled=false, proxy={}, nativeEvents=true, locationContextEnabled=true, cssSelectorsEnabled=true, webauthn:virtualAuthenticators=true}]&#10;Session ID: 82d914ffff5f64d957379b50e8dac324&#10;*** Element info: {Using=xpath, value=//div[@role=&apos;alert&apos;]}" type="org.openqa.selenium.NoSuchElementException"><![CDATA[org.openqa.selenium.NoSuchElementException: 
no such element: Unable to locate element: {"method":"xpath","selector":"//div[@role='alert']"}
  (Session info: chrome=102.0.5005.115)
  (Driver info: chromedriver=102.0.5005.61 (0e59bcc00cc4985ce39ad31c150065f159d95ad3-refs/branch-heads/5005@{#819}),platform=Mac OS X 12.2.0 x86_64) (WARNING: The server did not provide any stacktrace information)
Command duration or timeout: 22 milliseconds
For documentation on this error, please visit: http://seleniumhq.org/exceptions/no_such_element.html
Build info: version: '2.53.0', revision: '35ae25b1534ae328c771e0856c93e187490ca824', time: '2016-03-15 10:43:46'
System info: host: 'Apples-MacBook-Pro-2.local', ip: '127.0.0.1', os.name: 'Mac OS X', os.arch: 'x86_64', os.version: '12.2', java.version: '17'
Driver info: org.openqa.selenium.chrome.ChromeDriver
Capabilities [{mobileEmulationEnabled=false, timeouts={implicit=0, pageLoad=300000, script=30000}, hasTouchScreen=false, platform=MAC, acceptSslCerts=false, goog:chromeOptions={debuggerAddress=localhost:57218}, webauthn:extension:credBlob=true, acceptInsecureCerts=false, webStorageEnabled=true, browserName=chrome, takesScreenshot=true, javascriptEnabled=true, setWindowRect=true, webauthn:extension:largeBlob=true, unexpectedAlertBehaviour=ignore, rotatable=false, networkConnectionEnabled=false, chrome={chromedriverVersion=102.0.5005.61 (0e59bcc00cc4985ce39ad31c150065f159d95ad3-refs/branch-heads/5005@{#819}), userDataDir=/var/folders/hq/dtvwwpd963j6cd1z1f4d3zyr0000gn/T/.com.google.Chrome.3zNh4O}, takesHeapSnapshot=true, pageLoadStrategy=normal, strictFileInteractability=false, databaseEnabled=false, handlesAlerts=true, version=102.0.5005.115, browserConnectionEnabled=false, proxy={}, nativeEvents=true, locationContextEnabled=true, cssSelectorsEnabled=true, webauthn:virtualAuthenticators=true}]
Session ID: 82d914ffff5f64d957379b50e8dac324
*** Element info: {Using=xpath, value=//div[@role='alert']}
	at java.base/jdk.internal.reflect.NativeConstructorAccessorImpl.newInstance0(Native Method)
	at java.base/jdk.internal.reflect.NativeConstructorAccessorImpl.newInstance(NativeConstructorAccessorImpl.java:77)
	at java.base/jdk.internal.reflect.DelegatingConstructorAccessorImpl.newInstance(DelegatingConstructorAccessorImpl.java:45)
	at java.base/java.lang.reflect.Constructor.newInstanceWithCaller(Constructor.java:499)
	at java.base/java.lang.reflect.Constructor.newInstance(Constructor.java:480)
	at org.openqa.selenium.remote.ErrorHandler.createThrowable(ErrorHandler.java:206)
	at org.openqa.selenium.remote.ErrorHandler.throwIfResponseFailed(ErrorHandler.java:158)
	at org.openqa.selenium.remote.RemoteWebDriver.execute(RemoteWebDriver.java:678)
	at org.openqa.selenium.remote.RemoteWebDriver.findElement(RemoteWebDriver.java:363)
	at org.openqa.selenium.remote.RemoteWebDriver.findElementByXPath(RemoteWebDriver.java:500)
	at org.openqa.selenium.By$ByXPath.findElement(By.java:361)
	at org.openqa.selenium.remote.RemoteWebDriver.findElement(RemoteWebDriver.java:355)
	at com.compliancesutra.pages.TM_Task_Project.Verify_Create_New_Task_By_Team_Member_To_Assigning_CS_Officer_And_Complete_That_Task_By_CS_Officer_Then_Reject_That_Task_By_Team_Member(TM_Task_Project.java:4495)
	at com.compliancesutra.verifications.TM_Tasks_Projects.Verify_Create_New_Task_By_Team_Member_To_Assigning_CS_Officer_And_Complete_That_Task_By_CS_Officer_Then_Reject_That_Task_By_Team_Member(TM_Tasks_Projects.java:409)
	at java.base/jdk.internal.reflect.NativeMethodAccessorImpl.invoke0(Native Method)
	at java.base/jdk.internal.reflect.NativeMethodAccessorImpl.invoke(NativeMethodAccessorImpl.java:77)
	at java.base/jdk.internal.reflect.DelegatingMethodAccessorImpl.invoke(DelegatingMethodAccessorImpl.java:43)
	at java.base/java.lang.reflect.Method.invoke(Method.java:568)
	at org.testng.internal.MethodInvocationHelper.invokeMethod(MethodInvocationHelper.java:86)
	at org.testng.internal.Invoker.invokeMethod(Invoker.java:643)
	at org.testng.internal.Invoker.invokeTestMethod(Invoker.java:820)
	at org.testng.internal.Invoker.invokeTestMethods(Invoker.java:1128)
	at org.testng.internal.TestMethodWorker.invokeTestMethods(TestMethodWorker.java:129)
	at org.testng.internal.TestMethodWorker.run(TestMethodWorker.java:112)
	at org.testng.TestRunner.privateRun(TestRunner.java:782)
	at org.testng.TestRunner.run(TestRunner.java:632)
	at org.testng.SuiteRunner.runTest(SuiteRunner.java:366)
	at org.testng.SuiteRunner.runSequentially(SuiteRunner.java:361)
	at org.testng.SuiteRunner.privateRun(SuiteRunner.java:319)
	at org.testng.SuiteRunner.run(SuiteRunner.java:268)
	at org.testng.SuiteRunnerWorker.runSuite(SuiteRunnerWorker.java:52)
	at org.testng.SuiteRunnerWorker.run(SuiteRunnerWorker.java:86)
	at org.testng.TestNG.runSuitesSequentially(TestNG.java:1244)
	at org.testng.TestNG.runSuitesLocally(TestNG.java:1169)
	at org.testng.TestNG.run(TestNG.java:1064)
	at org.apache.maven.surefire.testng.TestNGExecutor.run(TestNGExecutor.java:324)
	at org.apache.maven.surefire.testng.TestNGXmlTestSuite.execute(TestNGXmlTestSuite.java:74)
	at org.apache.maven.surefire.testng.TestNGProvider.invoke(TestNGProvider.java:123)
	at java.base/jdk.internal.reflect.NativeMethodAccessorImpl.invoke0(Native Method)
	at java.base/jdk.internal.reflect.NativeMethodAccessorImpl.invoke(NativeMethodAccessorImpl.java:77)
	at java.base/jdk.internal.reflect.DelegatingMethodAccessorImpl.invoke(DelegatingMethodAccessorImpl.java:43)
	at java.base/java.lang.reflect.Method.invoke(Method.java:568)
	at org.apache.maven.surefire.api.util.ReflectionUtils.invokeMethodWithArray2(ReflectionUtils.java:183)
	at org.apache.maven.surefire.booter.ProviderFactory$ProviderProxy.invoke(ProviderFactory.java:161)
	at org.apache.maven.surefire.booter.ProviderFactory.invokeProvider(ProviderFactory.java:85)
	at org.apache.maven.plugin.surefire.InPluginVMSurefireStarter.runSuitesInProcess(InPluginVMSurefireStarter.java:92)
	at org.apache.maven.plugin.surefire.AbstractSurefireMojo.executeProvider(AbstractSurefireMojo.java:1310)
	at org.apache.maven.plugin.surefire.AbstractSurefireMojo.executeAfterPreconditionsChecked(AbstractSurefireMojo.java:1167)
	at org.apache.maven.plugin.surefire.AbstractSurefireMojo.execute(AbstractSurefireMojo.java:931)
	at org.apache.maven.plugin.DefaultBuildPluginManager.executeMojo(DefaultBuildPluginManager.java:137)
	at org.apache.maven.lifecycle.internal.MojoExecutor.execute(MojoExecutor.java:210)
	at org.apache.maven.lifecycle.internal.MojoExecutor.execute(MojoExecutor.java:156)
	at org.apache.maven.lifecycle.internal.MojoExecutor.execute(MojoExecutor.java:148)
	at org.apache.maven.lifecycle.internal.LifecycleModuleBuilder.buildProject(LifecycleModuleBuilder.java:117)
	at org.apache.maven.lifecycle.internal.LifecycleModuleBuilder.buildProject(LifecycleModuleBuilder.java:81)
	at org.apache.maven.lifecycle.internal.builder.singlethreaded.SingleThreadedBuilder.build(SingleThreadedBuilder.java:56)
	at org.apache.maven.lifecycle.internal.LifecycleStarter.execute(LifecycleStarter.java:128)
	at org.apache.maven.DefaultMaven.doExecute(DefaultMaven.java:305)
	at org.apache.maven.DefaultMaven.doExecute(DefaultMaven.java:192)
	at org.apache.maven.DefaultMaven.execute(DefaultMaven.java:105)
	at org.apache.maven.cli.MavenCli.execute(MavenCli.java:972)
	at org.apache.maven.cli.MavenCli.doMain(MavenCli.java:293)
	at org.apache.maven.cli.MavenCli.main(MavenCli.java:196)
	at java.base/jdk.internal.reflect.NativeMethodAccessorImpl.invoke0(Native Method)
	at java.base/jdk.internal.reflect.NativeMethodAccessorImpl.invoke(NativeMethodAccessorImpl.java:77)
	at java.base/jdk.internal.reflect.DelegatingMethodAccessorImpl.invoke(DelegatingMethodAccessorImpl.java:43)
	at java.base/java.lang.reflect.Method.invoke(Method.java:568)
	at org.codehaus.plexus.classworlds.launcher.Launcher.launchEnhanced(Launcher.java:282)
	at org.codehaus.plexus.classworlds.launcher.Launcher.launch(Launcher.java:225)
	at org.codehaus.plexus.classworlds.launcher.Launcher.mainWithExitCode(Launcher.java:406)
	at org.codehaus.plexus.classworlds.launcher.Launcher.main(Launcher.java:347)
]]></failure>
    <system-out><![CDATA[
TEST FAILED - Verify_Create_New_Task_By_Team_Member_To_Assigning_CS_Officer_And_Complete_That_Task_By_CS_Officer_Then_Approve_That_Task_By_Team_Member



Step :: Click on Login button
Step :: Enter Team Member Email Address
Step :: Enter Team Member Password Address
Step :: Click on Login button
Step :: Click on Project Task icon from dashboard
Step :: Click on Add New Task button
Step :: Enter Task name :: kifcu
Step :: Select Start date
Step :: Select Next month date as End date
Step :: Enter Task Description
Step :: Select Assign To
Step :: Enter Comments
Step :: Select End time
Step :: Upload file 
Step :: Click on Submit button
Step :: Verify the Message :: Task has been Updated
Step :: Click on Task menu
Step :: Verify the Task name :: kifcu
Step :: Click on Profile icon
Step :: Click on Logout button
Step :: Enter Compliance Officer Email Address
Step :: Enter Compliance Officer Password Address
Step :: Click on Login button
Step :: Click on Task Menu
Step :: Click on Search icon
Step :: Enter created task name :: kifcu
Step :: Click on Searched Task
Step :: Verify the task title :: kifcu
Task
Step :: Verify the task Status :: Task Assigned
Step :: Upload file 
]]></system-out>
    <system-err><![CDATA[Starting ChromeDriver 102.0.5005.61 (0e59bcc00cc4985ce39ad31c150065f159d95ad3-refs/branch-heads/5005@{#819}) on port 10543
Only local connections are allowed.
Please see https://chromedriver.chromium.org/security-considerations for suggestions on keeping ChromeDriver safe.
ChromeDriver was started successfully.
]]></system-err>
  </testcase>
  <testcase name="Verify_Create_New_Task_From_Task_Menu_By_Team_Member" classname="com.compliancesutra.verifications.TM_Tasks_Projects" time="43.228">
    <system-out><![CDATA[
TEST FAILED - Verify_Create_New_Task_By_Team_Member_To_Assigning_CS_Officer_And_Complete_That_Task_By_CS_Officer_Then_Reject_That_Task_By_Team_Member



Step :: Click on Login button
Step :: Enter Team Member Email Address
Step :: Enter Team Member Password Address
Step :: Click on Login button
Step :: Click on Project Task icon from dashboard
Step :: Click on Add New Task button
Step :: Enter Task name :: fpreg
Step :: Select Start date
Step :: Select Next month date as End date
Step :: Enter Task Description
Step :: Select Assign To
Step :: Enter Comments
Step :: Select End time
Step :: Upload file 
Step :: Click on Submit button
Step :: Verify the Message :: Task has been Updated
Step :: Click on Task menu
Step :: Verify the Task name :: fpreg
]]></system-out>
    <system-err><![CDATA[Starting ChromeDriver 102.0.5005.61 (0e59bcc00cc4985ce39ad31c150065f159d95ad3-refs/branch-heads/5005@{#819}) on port 40043
Only local connections are allowed.
Please see https://chromedriver.chromium.org/security-considerations for suggestions on keeping ChromeDriver safe.
ChromeDriver was started successfully.
]]></system-err>
  </testcase>
  <testcase name="Verify_Delete_Milestone_From_Project_Menu_By_Team_Member" classname="com.compliancesutra.verifications.TM_Tasks_Projects" time="72.932">
    <system-out><![CDATA[TEST PASSED - Verify_Create_New_Task_From_Task_Menu_By_Team_Member

Step :: Click on Login button
Step :: Enter Team Member Email Address
Step :: Enter Team Member Password Address
Step :: Click on Login button
Step :: Click on Project Task icon from dashboard
Step :: Click on Add New Project button
Step :: Enter Project name :: orjfu
Step :: Select User from User drop-down
Step :: Select Start Date as Today's Date
Step :: Select End Date as Next Month date
Step :: Enter Project overview
Step :: Click on Submit button
Step :: Verify the Message :: Project added updatead successfuly
Step :: Click on 3 dot icon on created project :: orjfu
Step :: Click on Add milestone button
Step :: Click on enter milestone :: jfori
Step :: Select start date as Today's date
Step :: Select End date as Today's date
Step :: Click on Submit button
Step :: Verify the Message :: Milestone has been Updated
Step :: Verify the Created Milestone in project table :: jfori
Step :: Click on Delete icon on the created Milestone
Step :: Click on YES button on the 'Are you sure to delete this Milestone?' pop-up
Step :: Verify the Message :: Milestone has been deactivated
Step :: Click on Trash menu
Step :: Click on Milestone header menu
Step :: Verify the deleted Milestone in Trash menu :: jfori
]]></system-out>
    <system-err><![CDATA[Starting ChromeDriver 102.0.5005.61 (0e59bcc00cc4985ce39ad31c150065f159d95ad3-refs/branch-heads/5005@{#819}) on port 7762
Only local connections are allowed.
Please see https://chromedriver.chromium.org/security-considerations for suggestions on keeping ChromeDriver safe.
ChromeDriver was started successfully.
]]></system-err>
  </testcase>
  <testcase name="Verify_Delete_Milestone_Permenantly_From_Trash_Menu_By_Team_Member" classname="com.compliancesutra.verifications.TM_Tasks_Projects" time="79.423">
    <system-out><![CDATA[TEST PASSED - Verify_Delete_Milestone_From_Project_Menu_By_Team_Member

Step :: Click on Login button
Step :: Enter Team Member Email Address
Step :: Enter Team Member Password Address
Step :: Click on Login button
Step :: Click on Project Task icon from dashboard
Step :: Click on Add New Project button
Step :: Enter Project name :: icfmm
Step :: Select User from User drop-down
Step :: Select Start Date as Today's Date
Step :: Select End Date as Next Month date
Step :: Enter Project overview
Step :: Click on Submit button
Step :: Verify the Message :: Project added updatead successfuly
Step :: Click on 3 dot icon on created project :: icfmm
Step :: Click on Add milestone button
Step :: Click on enter milestone :: vifuv
Step :: Select start date as Today's date
Step :: Select End date as Today's date
Step :: Click on Submit button
Step :: Verify the Message :: Milestone has been Updated
Step :: Verify the Created Milestone in project table :: vifuv
Step :: Click on Delete icon on the created Milestone
Step :: Click on YES button on the 'Are you sure to delete this Milestone?' pop-up
Step :: Verify the Message :: Milestone has been deactivated
Step :: Click on Trash menu
Step :: Click on Milestone header menu
Step :: Verify the deleted Milestone in Trash menu :: vifuv
Step :: Click on Delete icon to delete the Milestone from Trash menu
Step :: Click on Yes button in delete pop-up
Step :: Verify the Message :: Milestone has been deleted
]]></system-out>
    <system-err><![CDATA[Starting ChromeDriver 102.0.5005.61 (0e59bcc00cc4985ce39ad31c150065f159d95ad3-refs/branch-heads/5005@{#819}) on port 23666
Only local connections are allowed.
Please see https://chromedriver.chromium.org/security-considerations for suggestions on keeping ChromeDriver safe.
ChromeDriver was started successfully.
]]></system-err>
  </testcase>
  <testcase name="Verify_Delete_Project_Permenantly_By_Team_Member" classname="com.compliancesutra.verifications.TM_Tasks_Projects" time="48.706">
    <system-out><![CDATA[TEST PASSED - Verify_Delete_Milestone_Permenantly_From_Trash_Menu_By_Team_Member

Step :: Click on Login button
Step :: Enter Team Member Email Address
Step :: Enter Team Member Password Address
Step :: Click on Login button
Step :: Click on Project Task icon from dashboard
Step :: Click on Add New Project button
Step :: Enter Project name :: cvdxf
Step :: Select User from User drop-down
Step :: Select Start Date as Today's Date
Step :: Select End Date as Next Month date
Step :: Enter Project overview
Step :: Click on Submit button
Step :: Verify the Message :: Project added updatead successfuly
Step :: Verify the Project :: cvdxf
Step :: Click on Three dots icon on the created Project
Step :: Click on Delete icon on the created Project
Step :: Click on Yes button on the pop-up
Step :: Verify the Message :: Project has been deactivated
Step :: Click on Trash menu
Step :: Verify the Project :: cvdxf
Step :: Click on Delete icon to delete the Project
Step :: Click on Yes button in delete pop-up
Step :: Verify the deleted project in Trash menu :: Project has been deleted
]]></system-out>
    <system-err><![CDATA[Starting ChromeDriver 102.0.5005.61 (0e59bcc00cc4985ce39ad31c150065f159d95ad3-refs/branch-heads/5005@{#819}) on port 5690
Only local connections are allowed.
Please see https://chromedriver.chromium.org/security-considerations for suggestions on keeping ChromeDriver safe.
ChromeDriver was started successfully.
]]></system-err>
  </testcase>
  <testcase name="Verify_Delete_Task_From_The_Created_Milestone_In_Created_Project_By_Team_Member" classname="com.compliancesutra.verifications.TM_Tasks_Projects" time="101.532">
    <system-out><![CDATA[TEST PASSED - Verify_Delete_Project_Permenantly_By_Team_Member

Step :: Click on Login button
Step :: Enter Team Member Email Address
Step :: Enter Team Member Password Address
Step :: Click on Login button
Step :: Click on Project Task icon from dashboard
Step :: Click on Add New Project button
Step :: Enter Project name :: ytcyi
Step :: Select User from User drop-down
Step :: Select Start Date as Today's Date
Step :: Select End Date as Next Month date
Step :: Enter Project overview
Step :: Click on Submit button
Step :: Verify the Message :: Project added updatead successfuly
Step :: Click on 3 dot icon on created project :: ytcyi
Step :: Click on Add milestone button
Step :: Click on enter milestone :: rusxk
Step :: Select start date as Today's date
Step :: Select End date as Today's date
Step :: Click on Submit button
Step :: Verify the Message :: Milestone has been Updated
Step :: Verify the Created Milestone in project table :: rusxk
Step :: Click on + icon in created Milestone to add new task
Step :: Enter the Tasklist name :: ftfyqmy
Step :: Verify the name of Milestone :: rusxk
Step :: Click on Submit button
Step :: Verify the Message :: Task List has been Updated
Step :: Verify the Created Milestone in project table :: rusxk
Step :: Expand the Created Milestone
Step :: Verify the Created Tasklist in project table :: ftfyqmy
Step :: Click on three dots icon menu on the created task
Step :: Click on Delete icon on the created task
Step :: Click on YES button on the 'Are you sure to delete this TaskList?' pop-up
Step :: Verify the Message :: Task List has been deactivated
]]></system-out>
    <system-err><![CDATA[Starting ChromeDriver 102.0.5005.61 (0e59bcc00cc4985ce39ad31c150065f159d95ad3-refs/branch-heads/5005@{#819}) on port 18497
Only local connections are allowed.
Please see https://chromedriver.chromium.org/security-considerations for suggestions on keeping ChromeDriver safe.
ChromeDriver was started successfully.
]]></system-err>
  </testcase>
  <testcase name="Verify_Delete_The_Created_Project_By_Team_Member" classname="com.compliancesutra.verifications.TM_Tasks_Projects" time="39.613">
    <system-out><![CDATA[TEST PASSED - Verify_Delete_Task_From_The_Created_Milestone_In_Created_Project_By_Team_Member

Step :: Click on Login button
Step :: Enter Team Member Email Address
Step :: Enter Team Member Password Address
Step :: Click on Login button
Step :: Click on Project Task icon from dashboard
Step :: Click on Add New Project button
Step :: Enter Project name :: pgfri
Step :: Select User from User drop-down
Step :: Select Start Date as Today's Date
Step :: Select End Date as Next Month date
Step :: Enter Project overview
Step :: Click on Submit button
Step :: Verify the Message :: Project added updatead successfuly
Step :: Verify the Project :: pgfri
Step :: Click on Three dots icon on the created Project
Step :: Click on Delete icon on the created Project
Step :: Click on Yes button on the pop-up
Step :: Verify the Message :: Project has been deactivated
Step :: Click on Trash menu
Step :: Verify the Project :: pgfri
]]></system-out>
    <system-err><![CDATA[Starting ChromeDriver 102.0.5005.61 (0e59bcc00cc4985ce39ad31c150065f159d95ad3-refs/branch-heads/5005@{#819}) on port 37283
Only local connections are allowed.
Please see https://chromedriver.chromium.org/security-considerations for suggestions on keeping ChromeDriver safe.
ChromeDriver was started successfully.
]]></system-err>
  </testcase>
  <testcase name="Verify_Delete_The_Task_From_Task_Menu_And_Verify_On_Trash_Menu_By_Team_Member" classname="com.compliancesutra.verifications.TM_Tasks_Projects" time="56.602">
    <system-out><![CDATA[TEST PASSED - Verify_Delete_The_Created_Project_By_Team_Member

Step :: Click on Login button
Step :: Enter Team Member Email Address
Step :: Enter Team Member Password Address
Step :: Click on Login button
Step :: Click on Project Task icon from dashboard
Step :: Click on Add New Task button
Step :: Enter Task name :: mjviq
Step :: Select Start date
Step :: Select Next month date as End date
Step :: Enter Task Description
Step :: Select Assign To
Step :: Enter Comments
Step :: Select End time
Step :: Upload file 
Step :: Click on Submit button
Step :: Verify the Message :: Task has been Updated
Step :: Click on Task menu
Step :: Verify the Task name :: mjviq
Step :: Click on Delete icon on the created task
Step :: Click on Yes button on delete pop-up
Step :: Verify the Message :: Task has been deactivated
Step :: Click on Trash menu
Step :: Click on Tasks menu
Step :: Verify the deleted task in trash menu :: mjviq
]]></system-out>
    <system-err><![CDATA[Starting ChromeDriver 102.0.5005.61 (0e59bcc00cc4985ce39ad31c150065f159d95ad3-refs/branch-heads/5005@{#819}) on port 43132
Only local connections are allowed.
Please see https://chromedriver.chromium.org/security-considerations for suggestions on keeping ChromeDriver safe.
ChromeDriver was started successfully.
]]></system-err>
  </testcase>
  <testcase name="Verify_Delete_The_Task_Permanently_From_Task_Menu_And_Verify_On_Trash_Menu_By_Team_Member" classname="com.compliancesutra.verifications.TM_Tasks_Projects" time="63.964">
    <system-out><![CDATA[TEST PASSED - Verify_Delete_The_Task_From_Task_Menu_And_Verify_On_Trash_Menu_By_Team_Member

Step :: Click on Login button
Step :: Enter Team Member Email Address
Step :: Enter Team Member Password Address
Step :: Click on Login button
Step :: Click on Project Task icon from dashboard
Step :: Click on Add New Task button
Step :: Enter Task name :: icdvx
Step :: Select Start date
Step :: Select Next month date as End date
Step :: Enter Task Description
Step :: Select Assign To
Step :: Enter Comments
Step :: Select End time
Step :: Upload file 
Step :: Click on Submit button
Step :: Verify the Message :: Task has been Updated
Step :: Click on Task menu
Step :: Verify the Task name :: icdvx
Step :: Click on Delete icon on the created task
Step :: Click on Yes button on delete pop-up
Step :: Verify the Message :: Task has been deactivated
Step :: Click on Trash menu
Step :: Click on Tasks menu
Step :: Verify the deleted task in trash menu :: icdvx
Step :: Click on Delete task icon on trash menu
Step :: Click on Yes button on delete pop-up
Step :: Verify the Message :: Task has been deleted
]]></system-out>
    <system-err><![CDATA[Starting ChromeDriver 102.0.5005.61 (0e59bcc00cc4985ce39ad31c150065f159d95ad3-refs/branch-heads/5005@{#819}) on port 7262
Only local connections are allowed.
Please see https://chromedriver.chromium.org/security-considerations for suggestions on keeping ChromeDriver safe.
ChromeDriver was started successfully.
]]></system-err>
  </testcase>
  <testcase name="Verify_Edit_The_Created_Milestone_In_Created_Project_By_Team_Member" classname="com.compliancesutra.verifications.TM_Tasks_Projects" time="79.917">
    <system-out><![CDATA[TEST PASSED - Verify_Delete_The_Task_Permanently_From_Task_Menu_And_Verify_On_Trash_Menu_By_Team_Member

Step :: Click on Login button
Step :: Enter Team Member Email Address
Step :: Enter Team Member Password Address
Step :: Click on Login button
Step :: Click on Project Task icon from dashboard
Step :: Click on Add New Project button
Step :: Enter Project name :: uifvr
Step :: Select User from User drop-down
Step :: Select Start Date as Today's Date
Step :: Select End Date as Next Month date
Step :: Enter Project overview
Step :: Click on Submit button
Step :: Verify the Message :: Project added updatead successfuly
Step :: Click on 3 dot icon on created project :: uifvr
Step :: Click on Add milestone button
Step :: Click on enter milestone :: pnjvy
Step :: Select start date as Today's date
Step :: Select End date as Today's date
Step :: Click on Submit button
Step :: Verify the Message :: Milestone has been Updated
Step :: Verify the Created Milestone in project table :: pnjvy
Step :: Click on Edit icon on the created milestone
Step :: Update the milestone name :: mqzjvff
Step :: Click on Submit button
Step :: Verify the Message :: 
Step :: Verify the Created Milestone in project table :: mqzjvff
]]></system-out>
    <system-err><![CDATA[Starting ChromeDriver 102.0.5005.61 (0e59bcc00cc4985ce39ad31c150065f159d95ad3-refs/branch-heads/5005@{#819}) on port 7947
Only local connections are allowed.
Please see https://chromedriver.chromium.org/security-considerations for suggestions on keeping ChromeDriver safe.
ChromeDriver was started successfully.
]]></system-err>
  </testcase>
  <testcase name="Verify_Edit_The_Created_Task_From_Task_Menu_By_Team_Member" classname="com.compliancesutra.verifications.TM_Tasks_Projects" time="51.684">
    <system-out><![CDATA[TEST PASSED - Verify_Edit_The_Created_Milestone_In_Created_Project_By_Team_Member

Step :: Click on Login button
Step :: Enter Team Member Email Address
Step :: Enter Team Member Password Address
Step :: Click on Login button
Step :: Click on Project Task icon from dashboard
Step :: Click on Add New Task button
Step :: Enter Task name :: zbbvj
Step :: Select Start date
Step :: Select Next month date as End date
Step :: Enter Task Description
Step :: Select Assign To
Step :: Enter Comments
Step :: Select End time
Step :: Upload file 
Step :: Click on Submit button
Step :: Verify the Message :: Task has been Updated
Step :: Click on Task menu
Step :: Verify the Task name :: zbbvj
Step :: Click on Edit icon in the created task :: zbbvj
Step :: Click on Task menu
Step :: Click on Update button
Step :: Verify the Message :: Task has been Updated
Step :: Verify the Task name :: ukubxfiufi
]]></system-out>
    <system-err><![CDATA[Starting ChromeDriver 102.0.5005.61 (0e59bcc00cc4985ce39ad31c150065f159d95ad3-refs/branch-heads/5005@{#819}) on port 46835
Only local connections are allowed.
Please see https://chromedriver.chromium.org/security-considerations for suggestions on keeping ChromeDriver safe.
ChromeDriver was started successfully.
]]></system-err>
  </testcase>
  <testcase name="Verify_Edit_The_Created_Task_Under_The_Milestone_By_Team_Member" classname="com.compliancesutra.verifications.TM_Tasks_Projects" time="123.571">
    <system-out><![CDATA[TEST PASSED - Verify_Edit_The_Created_Task_From_Task_Menu_By_Team_Member

Step :: Click on Login button
Step :: Enter Team Member Email Address
Step :: Enter Team Member Password Address
Step :: Click on Login button
Step :: Click on Project Task icon from dashboard
Step :: Click on Add New Project button
Step :: Enter Project name :: sfffu
Step :: Select User from User drop-down
Step :: Select Start Date as Today's Date
Step :: Select End Date as Next Month date
Step :: Enter Project overview
Step :: Click on Submit button
Step :: Verify the Message :: Project added updatead successfuly
Step :: Click on 3 dot icon on created project :: sfffu
Step :: Click on Add milestone button
Step :: Click on enter milestone :: vidxo
Step :: Select start date as Today's date
Step :: Select End date as Today's date
Step :: Click on Submit button
Step :: Verify the Message :: Milestone has been Updated
Step :: Verify the Created Milestone in project table :: vidxo
Step :: Click on + icon in created Milestone to add new task
Step :: Enter the Tasklist name :: ttkjfrd
Step :: Verify the name of Milestone :: vidxo
Step :: Click on Submit button
Step :: Verify the Message :: Task List has been Updated
Step :: Verify the Created Milestone in project table :: vidxo
Step :: Expand the Created Milestone
Step :: Verify the Created Tasklist in project table :: ttkjfrd
Step :: Click on three dots icon on created tasklist
Step :: Click on Edit button
Step :: Edit the tasklist name :: rkmmvbfixf
Step :: Click on Submit button
Step :: Verify the Created Milestone in project table :: vidxo
Step :: Expand the Created Milestone
Step :: Verify the Created Tasklist in project table :: rkmmvbfixf
]]></system-out>
    <system-err><![CDATA[Starting ChromeDriver 102.0.5005.61 (0e59bcc00cc4985ce39ad31c150065f159d95ad3-refs/branch-heads/5005@{#819}) on port 15019
Only local connections are allowed.
Please see https://chromedriver.chromium.org/security-considerations for suggestions on keeping ChromeDriver safe.
ChromeDriver was started successfully.
]]></system-err>
  </testcase>
  <testcase name="Verify_Login_With_Invalid_Credentials_By_Team_Member" classname="com.compliancesutra.verifications.TM_Tasks_Projects" time="9.184">
    <system-out><![CDATA[TEST PASSED - Verify_Edit_The_Created_Task_Under_The_Milestone_By_Team_Member

Step :: Click on Login button
Step :: Enter Invalid Email Address which is not registered
Step :: Enter Invalid Password
Step :: Click on Login button
Step :: Verify the validation :: Invalid username and password !!!
]]></system-out>
    <system-err><![CDATA[Starting ChromeDriver 102.0.5005.61 (0e59bcc00cc4985ce39ad31c150065f159d95ad3-refs/branch-heads/5005@{#819}) on port 20766
Only local connections are allowed.
Please see https://chromedriver.chromium.org/security-considerations for suggestions on keeping ChromeDriver safe.
ChromeDriver was started successfully.
]]></system-err>
  </testcase>
  <testcase name="Verify_Login_With_Valid_Approver_Credentials" classname="com.compliancesutra.verifications.TM_Tasks_Projects" time="2.568">
    <failure message="no such element: Unable to locate element: {&quot;method&quot;:&quot;xpath&quot;,&quot;selector&quot;:&quot;//input[@placeholder=&apos;Enter your company email&apos;]&quot;}&#10;  (Session info: chrome=102.0.5005.115)&#10;  (Driver info: chromedriver=102.0.5005.61 (0e59bcc00cc4985ce39ad31c150065f159d95ad3-refs/branch-heads/5005@{#819}),platform=Mac OS X 12.2.0 x86_64) (WARNING: The server did not provide any stacktrace information)&#10;Command duration or timeout: 21 milliseconds&#10;For documentation on this error, please visit: http://seleniumhq.org/exceptions/no_such_element.html&#10;Build info: version: &apos;2.53.0&apos;, revision: &apos;35ae25b1534ae328c771e0856c93e187490ca824&apos;, time: &apos;2016-03-15 10:43:46&apos;&#10;System info: host: &apos;Apples-MacBook-Pro-2.local&apos;, ip: &apos;127.0.0.1&apos;, os.name: &apos;Mac OS X&apos;, os.arch: &apos;x86_64&apos;, os.version: &apos;12.2&apos;, java.version: &apos;17&apos;&#10;Driver info: org.openqa.selenium.chrome.ChromeDriver&#10;Capabilities [{mobileEmulationEnabled=false, timeouts={implicit=0, pageLoad=300000, script=30000}, hasTouchScreen=false, platform=MAC, acceptSslCerts=false, goog:chromeOptions={debuggerAddress=localhost:58009}, webauthn:extension:credBlob=true, acceptInsecureCerts=false, webStorageEnabled=true, browserName=chrome, takesScreenshot=true, javascriptEnabled=true, setWindowRect=true, webauthn:extension:largeBlob=true, unexpectedAlertBehaviour=ignore, rotatable=false, networkConnectionEnabled=false, chrome={chromedriverVersion=102.0.5005.61 (0e59bcc00cc4985ce39ad31c150065f159d95ad3-refs/branch-heads/5005@{#819}), userDataDir=/var/folders/hq/dtvwwpd963j6cd1z1f4d3zyr0000gn/T/.com.google.Chrome.UTvPGq}, takesHeapSnapshot=true, pageLoadStrategy=normal, strictFileInteractability=false, databaseEnabled=false, handlesAlerts=true, version=102.0.5005.115, browserConnectionEnabled=false, proxy={}, nativeEvents=true, locationContextEnabled=true, cssSelectorsEnabled=true, webauthn:virtualAuthenticators=true}]&#10;Session ID: b72ca275dff049373f54dbaedc22bb9a&#10;*** Element info: {Using=xpath, value=//input[@placeholder=&apos;Enter your company email&apos;]}" type="org.openqa.selenium.NoSuchElementException"><![CDATA[org.openqa.selenium.NoSuchElementException: 
no such element: Unable to locate element: {"method":"xpath","selector":"//input[@placeholder='Enter your company email']"}
  (Session info: chrome=102.0.5005.115)
  (Driver info: chromedriver=102.0.5005.61 (0e59bcc00cc4985ce39ad31c150065f159d95ad3-refs/branch-heads/5005@{#819}),platform=Mac OS X 12.2.0 x86_64) (WARNING: The server did not provide any stacktrace information)
Command duration or timeout: 21 milliseconds
For documentation on this error, please visit: http://seleniumhq.org/exceptions/no_such_element.html
Build info: version: '2.53.0', revision: '35ae25b1534ae328c771e0856c93e187490ca824', time: '2016-03-15 10:43:46'
System info: host: 'Apples-MacBook-Pro-2.local', ip: '127.0.0.1', os.name: 'Mac OS X', os.arch: 'x86_64', os.version: '12.2', java.version: '17'
Driver info: org.openqa.selenium.chrome.ChromeDriver
Capabilities [{mobileEmulationEnabled=false, timeouts={implicit=0, pageLoad=300000, script=30000}, hasTouchScreen=false, platform=MAC, acceptSslCerts=false, goog:chromeOptions={debuggerAddress=localhost:58009}, webauthn:extension:credBlob=true, acceptInsecureCerts=false, webStorageEnabled=true, browserName=chrome, takesScreenshot=true, javascriptEnabled=true, setWindowRect=true, webauthn:extension:largeBlob=true, unexpectedAlertBehaviour=ignore, rotatable=false, networkConnectionEnabled=false, chrome={chromedriverVersion=102.0.5005.61 (0e59bcc00cc4985ce39ad31c150065f159d95ad3-refs/branch-heads/5005@{#819}), userDataDir=/var/folders/hq/dtvwwpd963j6cd1z1f4d3zyr0000gn/T/.com.google.Chrome.UTvPGq}, takesHeapSnapshot=true, pageLoadStrategy=normal, strictFileInteractability=false, databaseEnabled=false, handlesAlerts=true, version=102.0.5005.115, browserConnectionEnabled=false, proxy={}, nativeEvents=true, locationContextEnabled=true, cssSelectorsEnabled=true, webauthn:virtualAuthenticators=true}]
Session ID: b72ca275dff049373f54dbaedc22bb9a
*** Element info: {Using=xpath, value=//input[@placeholder='Enter your company email']}
	at java.base/jdk.internal.reflect.NativeConstructorAccessorImpl.newInstance0(Native Method)
	at java.base/jdk.internal.reflect.NativeConstructorAccessorImpl.newInstance(NativeConstructorAccessorImpl.java:77)
	at java.base/jdk.internal.reflect.DelegatingConstructorAccessorImpl.newInstance(DelegatingConstructorAccessorImpl.java:45)
	at java.base/java.lang.reflect.Constructor.newInstanceWithCaller(Constructor.java:499)
	at java.base/java.lang.reflect.Constructor.newInstance(Constructor.java:480)
	at org.openqa.selenium.remote.ErrorHandler.createThrowable(ErrorHandler.java:206)
	at org.openqa.selenium.remote.ErrorHandler.throwIfResponseFailed(ErrorHandler.java:158)
	at org.openqa.selenium.remote.RemoteWebDriver.execute(RemoteWebDriver.java:678)
	at org.openqa.selenium.remote.RemoteWebDriver.findElement(RemoteWebDriver.java:363)
	at org.openqa.selenium.remote.RemoteWebDriver.findElementByXPath(RemoteWebDriver.java:500)
	at org.openqa.selenium.By$ByXPath.findElement(By.java:361)
	at org.openqa.selenium.remote.RemoteWebDriver.findElement(RemoteWebDriver.java:355)
	at com.compliancesutra.pages.TM_Task_Project.Verify_Login_With_Valid_Approver_Credentials(TM_Task_Project.java:103)
	at com.compliancesutra.verifications.TM_Tasks_Projects.Verify_Login_With_Valid_Approver_Credentials(TM_Tasks_Projects.java:53)
	at java.base/jdk.internal.reflect.NativeMethodAccessorImpl.invoke0(Native Method)
	at java.base/jdk.internal.reflect.NativeMethodAccessorImpl.invoke(NativeMethodAccessorImpl.java:77)
	at java.base/jdk.internal.reflect.DelegatingMethodAccessorImpl.invoke(DelegatingMethodAccessorImpl.java:43)
	at java.base/java.lang.reflect.Method.invoke(Method.java:568)
	at org.testng.internal.MethodInvocationHelper.invokeMethod(MethodInvocationHelper.java:86)
	at org.testng.internal.Invoker.invokeMethod(Invoker.java:643)
	at org.testng.internal.Invoker.invokeTestMethod(Invoker.java:820)
	at org.testng.internal.Invoker.invokeTestMethods(Invoker.java:1128)
	at org.testng.internal.TestMethodWorker.invokeTestMethods(TestMethodWorker.java:129)
	at org.testng.internal.TestMethodWorker.run(TestMethodWorker.java:112)
	at org.testng.TestRunner.privateRun(TestRunner.java:782)
	at org.testng.TestRunner.run(TestRunner.java:632)
	at org.testng.SuiteRunner.runTest(SuiteRunner.java:366)
	at org.testng.SuiteRunner.runSequentially(SuiteRunner.java:361)
	at org.testng.SuiteRunner.privateRun(SuiteRunner.java:319)
	at org.testng.SuiteRunner.run(SuiteRunner.java:268)
	at org.testng.SuiteRunnerWorker.runSuite(SuiteRunnerWorker.java:52)
	at org.testng.SuiteRunnerWorker.run(SuiteRunnerWorker.java:86)
	at org.testng.TestNG.runSuitesSequentially(TestNG.java:1244)
	at org.testng.TestNG.runSuitesLocally(TestNG.java:1169)
	at org.testng.TestNG.run(TestNG.java:1064)
	at org.apache.maven.surefire.testng.TestNGExecutor.run(TestNGExecutor.java:324)
	at org.apache.maven.surefire.testng.TestNGXmlTestSuite.execute(TestNGXmlTestSuite.java:74)
	at org.apache.maven.surefire.testng.TestNGProvider.invoke(TestNGProvider.java:123)
	at java.base/jdk.internal.reflect.NativeMethodAccessorImpl.invoke0(Native Method)
	at java.base/jdk.internal.reflect.NativeMethodAccessorImpl.invoke(NativeMethodAccessorImpl.java:77)
	at java.base/jdk.internal.reflect.DelegatingMethodAccessorImpl.invoke(DelegatingMethodAccessorImpl.java:43)
	at java.base/java.lang.reflect.Method.invoke(Method.java:568)
	at org.apache.maven.surefire.api.util.ReflectionUtils.invokeMethodWithArray2(ReflectionUtils.java:183)
	at org.apache.maven.surefire.booter.ProviderFactory$ProviderProxy.invoke(ProviderFactory.java:161)
	at org.apache.maven.surefire.booter.ProviderFactory.invokeProvider(ProviderFactory.java:85)
	at org.apache.maven.plugin.surefire.InPluginVMSurefireStarter.runSuitesInProcess(InPluginVMSurefireStarter.java:92)
	at org.apache.maven.plugin.surefire.AbstractSurefireMojo.executeProvider(AbstractSurefireMojo.java:1310)
	at org.apache.maven.plugin.surefire.AbstractSurefireMojo.executeAfterPreconditionsChecked(AbstractSurefireMojo.java:1167)
	at org.apache.maven.plugin.surefire.AbstractSurefireMojo.execute(AbstractSurefireMojo.java:931)
	at org.apache.maven.plugin.DefaultBuildPluginManager.executeMojo(DefaultBuildPluginManager.java:137)
	at org.apache.maven.lifecycle.internal.MojoExecutor.execute(MojoExecutor.java:210)
	at org.apache.maven.lifecycle.internal.MojoExecutor.execute(MojoExecutor.java:156)
	at org.apache.maven.lifecycle.internal.MojoExecutor.execute(MojoExecutor.java:148)
	at org.apache.maven.lifecycle.internal.LifecycleModuleBuilder.buildProject(LifecycleModuleBuilder.java:117)
	at org.apache.maven.lifecycle.internal.LifecycleModuleBuilder.buildProject(LifecycleModuleBuilder.java:81)
	at org.apache.maven.lifecycle.internal.builder.singlethreaded.SingleThreadedBuilder.build(SingleThreadedBuilder.java:56)
	at org.apache.maven.lifecycle.internal.LifecycleStarter.execute(LifecycleStarter.java:128)
	at org.apache.maven.DefaultMaven.doExecute(DefaultMaven.java:305)
	at org.apache.maven.DefaultMaven.doExecute(DefaultMaven.java:192)
	at org.apache.maven.DefaultMaven.execute(DefaultMaven.java:105)
	at org.apache.maven.cli.MavenCli.execute(MavenCli.java:972)
	at org.apache.maven.cli.MavenCli.doMain(MavenCli.java:293)
	at org.apache.maven.cli.MavenCli.main(MavenCli.java:196)
	at java.base/jdk.internal.reflect.NativeMethodAccessorImpl.invoke0(Native Method)
	at java.base/jdk.internal.reflect.NativeMethodAccessorImpl.invoke(NativeMethodAccessorImpl.java:77)
	at java.base/jdk.internal.reflect.DelegatingMethodAccessorImpl.invoke(DelegatingMethodAccessorImpl.java:43)
	at java.base/java.lang.reflect.Method.invoke(Method.java:568)
	at org.codehaus.plexus.classworlds.launcher.Launcher.launchEnhanced(Launcher.java:282)
	at org.codehaus.plexus.classworlds.launcher.Launcher.launch(Launcher.java:225)
	at org.codehaus.plexus.classworlds.launcher.Launcher.mainWithExitCode(Launcher.java:406)
	at org.codehaus.plexus.classworlds.launcher.Launcher.main(Launcher.java:347)
]]></failure>
    <system-out><![CDATA[TEST PASSED - Verify_Login_With_Invalid_Credentials_By_Team_Member

]]></system-out>
    <system-err><![CDATA[Starting ChromeDriver 102.0.5005.61 (0e59bcc00cc4985ce39ad31c150065f159d95ad3-refs/branch-heads/5005@{#819}) on port 38348
Only local connections are allowed.
Please see https://chromedriver.chromium.org/security-considerations for suggestions on keeping ChromeDriver safe.
ChromeDriver was started successfully.
]]></system-err>
  </testcase>
  <testcase name="Verify_Login_With_Valid_Compliance_Officer_Credentials" classname="com.compliancesutra.verifications.TM_Tasks_Projects" time="14.187">
    <system-out><![CDATA[
TEST FAILED - Verify_Login_With_Valid_Approver_Credentials



Step :: Click on Login button
Step :: Enter Compliance Officer Email Address
Step :: Enter Compliance Officer Password Address
Step :: Click on Login button
]]></system-out>
    <system-err><![CDATA[Starting ChromeDriver 102.0.5005.61 (0e59bcc00cc4985ce39ad31c150065f159d95ad3-refs/branch-heads/5005@{#819}) on port 48918
Only local connections are allowed.
Please see https://chromedriver.chromium.org/security-considerations for suggestions on keeping ChromeDriver safe.
ChromeDriver was started successfully.
]]></system-err>
  </testcase>
  <testcase name="Verify_Login_With_Valid_Team_Member_Credentials" classname="com.compliancesutra.verifications.TM_Tasks_Projects" time="16.199">
    <system-out><![CDATA[TEST PASSED - Verify_Login_With_Valid_Compliance_Officer_Credentials

Step :: Click on Login button
Step :: Enter Team Member Email Address
Step :: Enter Team Member Password Address
Step :: Click on Login button
]]></system-out>
    <system-err><![CDATA[Starting ChromeDriver 102.0.5005.61 (0e59bcc00cc4985ce39ad31c150065f159d95ad3-refs/branch-heads/5005@{#819}) on port 20813
Only local connections are allowed.
Please see https://chromedriver.chromium.org/security-considerations for suggestions on keeping ChromeDriver safe.
ChromeDriver was started successfully.
]]></system-err>
  </testcase>
  <testcase name="Verify_Overdue_Tasks_By_Team_Member_On_Dashboard_Page" classname="com.compliancesutra.verifications.TM_Tasks_Projects" time="29.805">
    <failure message="no such element: Unable to locate element: {&quot;method&quot;:&quot;xpath&quot;,&quot;selector&quot;:&quot;//div[@role=&apos;alert&apos;]&quot;}&#10;  (Session info: chrome=102.0.5005.115)&#10;  (Driver info: chromedriver=102.0.5005.61 (0e59bcc00cc4985ce39ad31c150065f159d95ad3-refs/branch-heads/5005@{#819}),platform=Mac OS X 12.2.0 x86_64) (WARNING: The server did not provide any stacktrace information)&#10;Command duration or timeout: 13 milliseconds&#10;For documentation on this error, please visit: http://seleniumhq.org/exceptions/no_such_element.html&#10;Build info: version: &apos;2.53.0&apos;, revision: &apos;35ae25b1534ae328c771e0856c93e187490ca824&apos;, time: &apos;2016-03-15 10:43:46&apos;&#10;System info: host: &apos;Apples-MacBook-Pro-2.local&apos;, ip: &apos;127.0.0.1&apos;, os.name: &apos;Mac OS X&apos;, os.arch: &apos;x86_64&apos;, os.version: &apos;12.2&apos;, java.version: &apos;17&apos;&#10;Driver info: org.openqa.selenium.chrome.ChromeDriver&#10;Capabilities [{mobileEmulationEnabled=false, timeouts={implicit=0, pageLoad=300000, script=30000}, hasTouchScreen=false, platform=MAC, acceptSslCerts=false, goog:chromeOptions={debuggerAddress=localhost:58157}, webauthn:extension:credBlob=true, acceptInsecureCerts=false, webStorageEnabled=true, browserName=chrome, takesScreenshot=true, javascriptEnabled=true, setWindowRect=true, webauthn:extension:largeBlob=true, unexpectedAlertBehaviour=ignore, rotatable=false, networkConnectionEnabled=false, chrome={chromedriverVersion=102.0.5005.61 (0e59bcc00cc4985ce39ad31c150065f159d95ad3-refs/branch-heads/5005@{#819}), userDataDir=/var/folders/hq/dtvwwpd963j6cd1z1f4d3zyr0000gn/T/.com.google.Chrome.Fkpa3z}, takesHeapSnapshot=true, pageLoadStrategy=normal, strictFileInteractability=false, databaseEnabled=false, handlesAlerts=true, version=102.0.5005.115, browserConnectionEnabled=false, proxy={}, nativeEvents=true, locationContextEnabled=true, cssSelectorsEnabled=true, webauthn:virtualAuthenticators=true}]&#10;Session ID: 1f5cc0f8e31145fd4b53fe1e19d2e54b&#10;*** Element info: {Using=xpath, value=//div[@role=&apos;alert&apos;]}" type="org.openqa.selenium.NoSuchElementException"><![CDATA[org.openqa.selenium.NoSuchElementException: 
no such element: Unable to locate element: {"method":"xpath","selector":"//div[@role='alert']"}
  (Session info: chrome=102.0.5005.115)
  (Driver info: chromedriver=102.0.5005.61 (0e59bcc00cc4985ce39ad31c150065f159d95ad3-refs/branch-heads/5005@{#819}),platform=Mac OS X 12.2.0 x86_64) (WARNING: The server did not provide any stacktrace information)
Command duration or timeout: 13 milliseconds
For documentation on this error, please visit: http://seleniumhq.org/exceptions/no_such_element.html
Build info: version: '2.53.0', revision: '35ae25b1534ae328c771e0856c93e187490ca824', time: '2016-03-15 10:43:46'
System info: host: 'Apples-MacBook-Pro-2.local', ip: '127.0.0.1', os.name: 'Mac OS X', os.arch: 'x86_64', os.version: '12.2', java.version: '17'
Driver info: org.openqa.selenium.chrome.ChromeDriver
Capabilities [{mobileEmulationEnabled=false, timeouts={implicit=0, pageLoad=300000, script=30000}, hasTouchScreen=false, platform=MAC, acceptSslCerts=false, goog:chromeOptions={debuggerAddress=localhost:58157}, webauthn:extension:credBlob=true, acceptInsecureCerts=false, webStorageEnabled=true, browserName=chrome, takesScreenshot=true, javascriptEnabled=true, setWindowRect=true, webauthn:extension:largeBlob=true, unexpectedAlertBehaviour=ignore, rotatable=false, networkConnectionEnabled=false, chrome={chromedriverVersion=102.0.5005.61 (0e59bcc00cc4985ce39ad31c150065f159d95ad3-refs/branch-heads/5005@{#819}), userDataDir=/var/folders/hq/dtvwwpd963j6cd1z1f4d3zyr0000gn/T/.com.google.Chrome.Fkpa3z}, takesHeapSnapshot=true, pageLoadStrategy=normal, strictFileInteractability=false, databaseEnabled=false, handlesAlerts=true, version=102.0.5005.115, browserConnectionEnabled=false, proxy={}, nativeEvents=true, locationContextEnabled=true, cssSelectorsEnabled=true, webauthn:virtualAuthenticators=true}]
Session ID: 1f5cc0f8e31145fd4b53fe1e19d2e54b
*** Element info: {Using=xpath, value=//div[@role='alert']}
	at java.base/jdk.internal.reflect.NativeConstructorAccessorImpl.newInstance0(Native Method)
	at java.base/jdk.internal.reflect.NativeConstructorAccessorImpl.newInstance(NativeConstructorAccessorImpl.java:77)
	at java.base/jdk.internal.reflect.DelegatingConstructorAccessorImpl.newInstance(DelegatingConstructorAccessorImpl.java:45)
	at java.base/java.lang.reflect.Constructor.newInstanceWithCaller(Constructor.java:499)
	at java.base/java.lang.reflect.Constructor.newInstance(Constructor.java:480)
	at org.openqa.selenium.remote.ErrorHandler.createThrowable(ErrorHandler.java:206)
	at org.openqa.selenium.remote.ErrorHandler.throwIfResponseFailed(ErrorHandler.java:158)
	at org.openqa.selenium.remote.RemoteWebDriver.execute(RemoteWebDriver.java:678)
	at org.openqa.selenium.remote.RemoteWebDriver.findElement(RemoteWebDriver.java:363)
	at org.openqa.selenium.remote.RemoteWebDriver.findElementByXPath(RemoteWebDriver.java:500)
	at org.openqa.selenium.By$ByXPath.findElement(By.java:361)
	at org.openqa.selenium.remote.RemoteWebDriver.findElement(RemoteWebDriver.java:355)
	at com.compliancesutra.pages.TM_Task_Project.Verify_Overdue_Tasks_By_Team_Member_On_Dashboard_Page(TM_Task_Project.java:3073)
	at com.compliancesutra.verifications.TM_Tasks_Projects.Verify_Overdue_Tasks_By_Team_Member_On_Dashboard_Page(TM_Tasks_Projects.java:336)
	at java.base/jdk.internal.reflect.NativeMethodAccessorImpl.invoke0(Native Method)
	at java.base/jdk.internal.reflect.NativeMethodAccessorImpl.invoke(NativeMethodAccessorImpl.java:77)
	at java.base/jdk.internal.reflect.DelegatingMethodAccessorImpl.invoke(DelegatingMethodAccessorImpl.java:43)
	at java.base/java.lang.reflect.Method.invoke(Method.java:568)
	at org.testng.internal.MethodInvocationHelper.invokeMethod(MethodInvocationHelper.java:86)
	at org.testng.internal.Invoker.invokeMethod(Invoker.java:643)
	at org.testng.internal.Invoker.invokeTestMethod(Invoker.java:820)
	at org.testng.internal.Invoker.invokeTestMethods(Invoker.java:1128)
	at org.testng.internal.TestMethodWorker.invokeTestMethods(TestMethodWorker.java:129)
	at org.testng.internal.TestMethodWorker.run(TestMethodWorker.java:112)
	at org.testng.TestRunner.privateRun(TestRunner.java:782)
	at org.testng.TestRunner.run(TestRunner.java:632)
	at org.testng.SuiteRunner.runTest(SuiteRunner.java:366)
	at org.testng.SuiteRunner.runSequentially(SuiteRunner.java:361)
	at org.testng.SuiteRunner.privateRun(SuiteRunner.java:319)
	at org.testng.SuiteRunner.run(SuiteRunner.java:268)
	at org.testng.SuiteRunnerWorker.runSuite(SuiteRunnerWorker.java:52)
	at org.testng.SuiteRunnerWorker.run(SuiteRunnerWorker.java:86)
	at org.testng.TestNG.runSuitesSequentially(TestNG.java:1244)
	at org.testng.TestNG.runSuitesLocally(TestNG.java:1169)
	at org.testng.TestNG.run(TestNG.java:1064)
	at org.apache.maven.surefire.testng.TestNGExecutor.run(TestNGExecutor.java:324)
	at org.apache.maven.surefire.testng.TestNGXmlTestSuite.execute(TestNGXmlTestSuite.java:74)
	at org.apache.maven.surefire.testng.TestNGProvider.invoke(TestNGProvider.java:123)
	at java.base/jdk.internal.reflect.NativeMethodAccessorImpl.invoke0(Native Method)
	at java.base/jdk.internal.reflect.NativeMethodAccessorImpl.invoke(NativeMethodAccessorImpl.java:77)
	at java.base/jdk.internal.reflect.DelegatingMethodAccessorImpl.invoke(DelegatingMethodAccessorImpl.java:43)
	at java.base/java.lang.reflect.Method.invoke(Method.java:568)
	at org.apache.maven.surefire.api.util.ReflectionUtils.invokeMethodWithArray2(ReflectionUtils.java:183)
	at org.apache.maven.surefire.booter.ProviderFactory$ProviderProxy.invoke(ProviderFactory.java:161)
	at org.apache.maven.surefire.booter.ProviderFactory.invokeProvider(ProviderFactory.java:85)
	at org.apache.maven.plugin.surefire.InPluginVMSurefireStarter.runSuitesInProcess(InPluginVMSurefireStarter.java:92)
	at org.apache.maven.plugin.surefire.AbstractSurefireMojo.executeProvider(AbstractSurefireMojo.java:1310)
	at org.apache.maven.plugin.surefire.AbstractSurefireMojo.executeAfterPreconditionsChecked(AbstractSurefireMojo.java:1167)
	at org.apache.maven.plugin.surefire.AbstractSurefireMojo.execute(AbstractSurefireMojo.java:931)
	at org.apache.maven.plugin.DefaultBuildPluginManager.executeMojo(DefaultBuildPluginManager.java:137)
	at org.apache.maven.lifecycle.internal.MojoExecutor.execute(MojoExecutor.java:210)
	at org.apache.maven.lifecycle.internal.MojoExecutor.execute(MojoExecutor.java:156)
	at org.apache.maven.lifecycle.internal.MojoExecutor.execute(MojoExecutor.java:148)
	at org.apache.maven.lifecycle.internal.LifecycleModuleBuilder.buildProject(LifecycleModuleBuilder.java:117)
	at org.apache.maven.lifecycle.internal.LifecycleModuleBuilder.buildProject(LifecycleModuleBuilder.java:81)
	at org.apache.maven.lifecycle.internal.builder.singlethreaded.SingleThreadedBuilder.build(SingleThreadedBuilder.java:56)
	at org.apache.maven.lifecycle.internal.LifecycleStarter.execute(LifecycleStarter.java:128)
	at org.apache.maven.DefaultMaven.doExecute(DefaultMaven.java:305)
	at org.apache.maven.DefaultMaven.doExecute(DefaultMaven.java:192)
	at org.apache.maven.DefaultMaven.execute(DefaultMaven.java:105)
	at org.apache.maven.cli.MavenCli.execute(MavenCli.java:972)
	at org.apache.maven.cli.MavenCli.doMain(MavenCli.java:293)
	at org.apache.maven.cli.MavenCli.main(MavenCli.java:196)
	at java.base/jdk.internal.reflect.NativeMethodAccessorImpl.invoke0(Native Method)
	at java.base/jdk.internal.reflect.NativeMethodAccessorImpl.invoke(NativeMethodAccessorImpl.java:77)
	at java.base/jdk.internal.reflect.DelegatingMethodAccessorImpl.invoke(DelegatingMethodAccessorImpl.java:43)
	at java.base/java.lang.reflect.Method.invoke(Method.java:568)
	at org.codehaus.plexus.classworlds.launcher.Launcher.launchEnhanced(Launcher.java:282)
	at org.codehaus.plexus.classworlds.launcher.Launcher.launch(Launcher.java:225)
	at org.codehaus.plexus.classworlds.launcher.Launcher.mainWithExitCode(Launcher.java:406)
	at org.codehaus.plexus.classworlds.launcher.Launcher.main(Launcher.java:347)
]]></failure>
    <system-out><![CDATA[TEST PASSED - Verify_Login_With_Valid_Team_Member_Credentials

Step :: Click on Login button
Step :: Enter Team Member Email Address
Step :: Enter Team Member Password Address
Step :: Click on Login button
Step :: Click on Overdue task
Step :: Verify the task status :: Task Assigned
Step :: Upload file 
]]></system-out>
    <system-err><![CDATA[Starting ChromeDriver 102.0.5005.61 (0e59bcc00cc4985ce39ad31c150065f159d95ad3-refs/branch-heads/5005@{#819}) on port 14043
Only local connections are allowed.
Please see https://chromedriver.chromium.org/security-considerations for suggestions on keeping ChromeDriver safe.
ChromeDriver was started successfully.
]]></system-err>
  </testcase>
  <testcase name="Verify_Restore_Deleted_Milestone_From_Trash_Menu_By_Team_Member" classname="com.compliancesutra.verifications.TM_Tasks_Projects" time="93.274">
    <system-out><![CDATA[
TEST FAILED - Verify_Overdue_Tasks_By_Team_Member_On_Dashboard_Page



Step :: Click on Login button
Step :: Enter Team Member Email Address
Step :: Enter Team Member Password Address
Step :: Click on Login button
Step :: Click on Project Task icon from dashboard
Step :: Click on Add New Project button
Step :: Enter Project name :: pcprf
Step :: Select User from User drop-down
Step :: Select Start Date as Today's Date
Step :: Select End Date as Next Month date
Step :: Enter Project overview
Step :: Click on Submit button
Step :: Verify the Message :: Project added updatead successfuly
Step :: Click on 3 dot icon on created project :: pcprf
Step :: Click on Add milestone button
Step :: Click on enter milestone :: gudkx
Step :: Select start date as Today's date
Step :: Select End date as Today's date
Step :: Click on Submit button
Step :: Verify the Message :: Milestone has been Updated
Step :: Verify the Created Milestone in project table :: gudkx
Step :: Click on Delete icon on the created Milestone
Step :: Click on YES button on the 'Are you sure to delete this Milestone?' pop-up
Step :: Verify the Message :: Milestone has been deactivated
Step :: Click on Trash menu
Step :: Click on Milestone header menu
Step :: Verify the deleted Milestone in Trash menu :: gudkx
Step :: Click on Restore icon on Trash menu to restore the deleted milestone
Step :: Verify the Message :: Milestone has been Restored
Step :: Click on Project Task menu
Step :: Verify the Restored Milestone in project table :: gudkx
]]></system-out>
    <system-err><![CDATA[Starting ChromeDriver 102.0.5005.61 (0e59bcc00cc4985ce39ad31c150065f159d95ad3-refs/branch-heads/5005@{#819}) on port 44295
Only local connections are allowed.
Please see https://chromedriver.chromium.org/security-considerations for suggestions on keeping ChromeDriver safe.
ChromeDriver was started successfully.
]]></system-err>
  </testcase>
  <testcase name="Verify_Restore_Deleted_Project_From_Trash_Menu_By_Team_Member" classname="com.compliancesutra.verifications.TM_Tasks_Projects" time="55.682">
    <system-out><![CDATA[TEST PASSED - Verify_Restore_Deleted_Milestone_From_Trash_Menu_By_Team_Member

Step :: Click on Login button
Step :: Enter Team Member Email Address
Step :: Enter Team Member Password Address
Step :: Click on Login button
Step :: Click on Project Task icon from dashboard
Step :: Click on Add New Project button
Step :: Enter Project name :: irird
Step :: Select User from User drop-down
Step :: Select Start Date as Today's Date
Step :: Select End Date as Next Month date
Step :: Enter Project overview
Step :: Click on Submit button
Step :: Verify the Message :: Project added updatead successfuly
Step :: Click on 3 dot icon on created project :: irird
Step :: Click on Delete icon
Step :: Click on Yes button on the Are you sure to delete this Project? pop-up
Step :: Verify the Message :: Project has been deactivated
Step :: Click on Trash menu
Step :: Verify the deleted project in Trash menu :: irird
Step :: Click on the Restore icon
Step :: Verify the restore message :: Project has been Restored
Step :: Click on Project Task menu
Step :: Verify the restored project :: irird
]]></system-out>
    <system-err><![CDATA[Starting ChromeDriver 102.0.5005.61 (0e59bcc00cc4985ce39ad31c150065f159d95ad3-refs/branch-heads/5005@{#819}) on port 25980
Only local connections are allowed.
Please see https://chromedriver.chromium.org/security-considerations for suggestions on keeping ChromeDriver safe.
ChromeDriver was started successfully.
]]></system-err>
  </testcase>
  <testcase name="Verify_Restore_The_Task_From_Trash_Menu_And_Verify_On_Tasks_Menu_By_Team_Member" classname="com.compliancesutra.verifications.TM_Tasks_Projects" time="67.168">
    <system-out><![CDATA[TEST PASSED - Verify_Restore_Deleted_Project_From_Trash_Menu_By_Team_Member

Step :: Click on Login button
Step :: Enter Team Member Email Address
Step :: Enter Team Member Password Address
Step :: Click on Login button
Step :: Click on Project Task icon from dashboard
Step :: Click on Add New Task button
Step :: Enter Task name :: bifsv
Step :: Select Start date
Step :: Select Next month date as End date
Step :: Enter Task Description
Step :: Select Assign To
Step :: Enter Comments
Step :: Select End time
Step :: Upload file 
Step :: Click on Submit button
Step :: Verify the Message :: Task has been Updated
Step :: Click on Task menu
Step :: Verify the Task name :: bifsv
Step :: Click on Delete icon on the created task
Step :: Click on Yes button on delete pop-up
Step :: Verify the Message :: Task has been deactivated
Step :: Click on Trash menu
Step :: Click on Tasks menu
Step :: Verify the deleted task in trash menu :: bifsv
Step :: Click on Restore icon on tarsh menu
Step :: Verify the Message :: Task has been Restored
Step :: Click on Project Task icon from dashboard
Step :: Click on Task menu
Step :: Verify the restored Task name :: bifsv
]]></system-out>
    <system-err><![CDATA[Starting ChromeDriver 102.0.5005.61 (0e59bcc00cc4985ce39ad31c150065f159d95ad3-refs/branch-heads/5005@{#819}) on port 20607
Only local connections are allowed.
Please see https://chromedriver.chromium.org/security-considerations for suggestions on keeping ChromeDriver safe.
ChromeDriver was started successfully.
]]></system-err>
  </testcase>
  <testcase name="Verify_Take_Action_Tasks_By_Team_Member_On_Dashboard_Page" classname="com.compliancesutra.verifications.TM_Tasks_Projects" time="32.634">
    <failure message="no such element: Unable to locate element: {&quot;method&quot;:&quot;xpath&quot;,&quot;selector&quot;:&quot;//div[@role=&apos;alert&apos;]&quot;}&#10;  (Session info: chrome=102.0.5005.115)&#10;  (Driver info: chromedriver=102.0.5005.61 (0e59bcc00cc4985ce39ad31c150065f159d95ad3-refs/branch-heads/5005@{#819}),platform=Mac OS X 12.2.0 x86_64) (WARNING: The server did not provide any stacktrace information)&#10;Command duration or timeout: 19 milliseconds&#10;For documentation on this error, please visit: http://seleniumhq.org/exceptions/no_such_element.html&#10;Build info: version: &apos;2.53.0&apos;, revision: &apos;35ae25b1534ae328c771e0856c93e187490ca824&apos;, time: &apos;2016-03-15 10:43:46&apos;&#10;System info: host: &apos;Apples-MacBook-Pro-2.local&apos;, ip: &apos;127.0.0.1&apos;, os.name: &apos;Mac OS X&apos;, os.arch: &apos;x86_64&apos;, os.version: &apos;12.2&apos;, java.version: &apos;17&apos;&#10;Driver info: org.openqa.selenium.chrome.ChromeDriver&#10;Capabilities [{mobileEmulationEnabled=false, timeouts={implicit=0, pageLoad=300000, script=30000}, hasTouchScreen=false, platform=MAC, acceptSslCerts=false, goog:chromeOptions={debuggerAddress=localhost:58397}, webauthn:extension:credBlob=true, acceptInsecureCerts=false, webStorageEnabled=true, browserName=chrome, takesScreenshot=true, javascriptEnabled=true, setWindowRect=true, webauthn:extension:largeBlob=true, unexpectedAlertBehaviour=ignore, rotatable=false, networkConnectionEnabled=false, chrome={chromedriverVersion=102.0.5005.61 (0e59bcc00cc4985ce39ad31c150065f159d95ad3-refs/branch-heads/5005@{#819}), userDataDir=/var/folders/hq/dtvwwpd963j6cd1z1f4d3zyr0000gn/T/.com.google.Chrome.oeFIni}, takesHeapSnapshot=true, pageLoadStrategy=normal, strictFileInteractability=false, databaseEnabled=false, handlesAlerts=true, version=102.0.5005.115, browserConnectionEnabled=false, proxy={}, nativeEvents=true, locationContextEnabled=true, cssSelectorsEnabled=true, webauthn:virtualAuthenticators=true}]&#10;Session ID: 8a4009bac583645a6469e5ae611cb663&#10;*** Element info: {Using=xpath, value=//div[@role=&apos;alert&apos;]}" type="org.openqa.selenium.NoSuchElementException"><![CDATA[org.openqa.selenium.NoSuchElementException: 
no such element: Unable to locate element: {"method":"xpath","selector":"//div[@role='alert']"}
  (Session info: chrome=102.0.5005.115)
  (Driver info: chromedriver=102.0.5005.61 (0e59bcc00cc4985ce39ad31c150065f159d95ad3-refs/branch-heads/5005@{#819}),platform=Mac OS X 12.2.0 x86_64) (WARNING: The server did not provide any stacktrace information)
Command duration or timeout: 19 milliseconds
For documentation on this error, please visit: http://seleniumhq.org/exceptions/no_such_element.html
Build info: version: '2.53.0', revision: '35ae25b1534ae328c771e0856c93e187490ca824', time: '2016-03-15 10:43:46'
System info: host: 'Apples-MacBook-Pro-2.local', ip: '127.0.0.1', os.name: 'Mac OS X', os.arch: 'x86_64', os.version: '12.2', java.version: '17'
Driver info: org.openqa.selenium.chrome.ChromeDriver
Capabilities [{mobileEmulationEnabled=false, timeouts={implicit=0, pageLoad=300000, script=30000}, hasTouchScreen=false, platform=MAC, acceptSslCerts=false, goog:chromeOptions={debuggerAddress=localhost:58397}, webauthn:extension:credBlob=true, acceptInsecureCerts=false, webStorageEnabled=true, browserName=chrome, takesScreenshot=true, javascriptEnabled=true, setWindowRect=true, webauthn:extension:largeBlob=true, unexpectedAlertBehaviour=ignore, rotatable=false, networkConnectionEnabled=false, chrome={chromedriverVersion=102.0.5005.61 (0e59bcc00cc4985ce39ad31c150065f159d95ad3-refs/branch-heads/5005@{#819}), userDataDir=/var/folders/hq/dtvwwpd963j6cd1z1f4d3zyr0000gn/T/.com.google.Chrome.oeFIni}, takesHeapSnapshot=true, pageLoadStrategy=normal, strictFileInteractability=false, databaseEnabled=false, handlesAlerts=true, version=102.0.5005.115, browserConnectionEnabled=false, proxy={}, nativeEvents=true, locationContextEnabled=true, cssSelectorsEnabled=true, webauthn:virtualAuthenticators=true}]
Session ID: 8a4009bac583645a6469e5ae611cb663
*** Element info: {Using=xpath, value=//div[@role='alert']}
	at java.base/jdk.internal.reflect.NativeConstructorAccessorImpl.newInstance0(Native Method)
	at java.base/jdk.internal.reflect.NativeConstructorAccessorImpl.newInstance(NativeConstructorAccessorImpl.java:77)
	at java.base/jdk.internal.reflect.DelegatingConstructorAccessorImpl.newInstance(DelegatingConstructorAccessorImpl.java:45)
	at java.base/java.lang.reflect.Constructor.newInstanceWithCaller(Constructor.java:499)
	at java.base/java.lang.reflect.Constructor.newInstance(Constructor.java:480)
	at org.openqa.selenium.remote.ErrorHandler.createThrowable(ErrorHandler.java:206)
	at org.openqa.selenium.remote.ErrorHandler.throwIfResponseFailed(ErrorHandler.java:158)
	at org.openqa.selenium.remote.RemoteWebDriver.execute(RemoteWebDriver.java:678)
	at org.openqa.selenium.remote.RemoteWebDriver.findElement(RemoteWebDriver.java:363)
	at org.openqa.selenium.remote.RemoteWebDriver.findElementByXPath(RemoteWebDriver.java:500)
	at org.openqa.selenium.By$ByXPath.findElement(By.java:361)
	at org.openqa.selenium.remote.RemoteWebDriver.findElement(RemoteWebDriver.java:355)
	at com.compliancesutra.pages.TM_Task_Project.Verify_Take_Action_Tasks_By_Team_Member_On_Dashboard_Page(TM_Task_Project.java:3160)
	at com.compliancesutra.verifications.TM_Tasks_Projects.Verify_Take_Action_Tasks_By_Team_Member_On_Dashboard_Page(TM_Tasks_Projects.java:349)
	at java.base/jdk.internal.reflect.NativeMethodAccessorImpl.invoke0(Native Method)
	at java.base/jdk.internal.reflect.NativeMethodAccessorImpl.invoke(NativeMethodAccessorImpl.java:77)
	at java.base/jdk.internal.reflect.DelegatingMethodAccessorImpl.invoke(DelegatingMethodAccessorImpl.java:43)
	at java.base/java.lang.reflect.Method.invoke(Method.java:568)
	at org.testng.internal.MethodInvocationHelper.invokeMethod(MethodInvocationHelper.java:86)
	at org.testng.internal.Invoker.invokeMethod(Invoker.java:643)
	at org.testng.internal.Invoker.invokeTestMethod(Invoker.java:820)
	at org.testng.internal.Invoker.invokeTestMethods(Invoker.java:1128)
	at org.testng.internal.TestMethodWorker.invokeTestMethods(TestMethodWorker.java:129)
	at org.testng.internal.TestMethodWorker.run(TestMethodWorker.java:112)
	at org.testng.TestRunner.privateRun(TestRunner.java:782)
	at org.testng.TestRunner.run(TestRunner.java:632)
	at org.testng.SuiteRunner.runTest(SuiteRunner.java:366)
	at org.testng.SuiteRunner.runSequentially(SuiteRunner.java:361)
	at org.testng.SuiteRunner.privateRun(SuiteRunner.java:319)
	at org.testng.SuiteRunner.run(SuiteRunner.java:268)
	at org.testng.SuiteRunnerWorker.runSuite(SuiteRunnerWorker.java:52)
	at org.testng.SuiteRunnerWorker.run(SuiteRunnerWorker.java:86)
	at org.testng.TestNG.runSuitesSequentially(TestNG.java:1244)
	at org.testng.TestNG.runSuitesLocally(TestNG.java:1169)
	at org.testng.TestNG.run(TestNG.java:1064)
	at org.apache.maven.surefire.testng.TestNGExecutor.run(TestNGExecutor.java:324)
	at org.apache.maven.surefire.testng.TestNGXmlTestSuite.execute(TestNGXmlTestSuite.java:74)
	at org.apache.maven.surefire.testng.TestNGProvider.invoke(TestNGProvider.java:123)
	at java.base/jdk.internal.reflect.NativeMethodAccessorImpl.invoke0(Native Method)
	at java.base/jdk.internal.reflect.NativeMethodAccessorImpl.invoke(NativeMethodAccessorImpl.java:77)
	at java.base/jdk.internal.reflect.DelegatingMethodAccessorImpl.invoke(DelegatingMethodAccessorImpl.java:43)
	at java.base/java.lang.reflect.Method.invoke(Method.java:568)
	at org.apache.maven.surefire.api.util.ReflectionUtils.invokeMethodWithArray2(ReflectionUtils.java:183)
	at org.apache.maven.surefire.booter.ProviderFactory$ProviderProxy.invoke(ProviderFactory.java:161)
	at org.apache.maven.surefire.booter.ProviderFactory.invokeProvider(ProviderFactory.java:85)
	at org.apache.maven.plugin.surefire.InPluginVMSurefireStarter.runSuitesInProcess(InPluginVMSurefireStarter.java:92)
	at org.apache.maven.plugin.surefire.AbstractSurefireMojo.executeProvider(AbstractSurefireMojo.java:1310)
	at org.apache.maven.plugin.surefire.AbstractSurefireMojo.executeAfterPreconditionsChecked(AbstractSurefireMojo.java:1167)
	at org.apache.maven.plugin.surefire.AbstractSurefireMojo.execute(AbstractSurefireMojo.java:931)
	at org.apache.maven.plugin.DefaultBuildPluginManager.executeMojo(DefaultBuildPluginManager.java:137)
	at org.apache.maven.lifecycle.internal.MojoExecutor.execute(MojoExecutor.java:210)
	at org.apache.maven.lifecycle.internal.MojoExecutor.execute(MojoExecutor.java:156)
	at org.apache.maven.lifecycle.internal.MojoExecutor.execute(MojoExecutor.java:148)
	at org.apache.maven.lifecycle.internal.LifecycleModuleBuilder.buildProject(LifecycleModuleBuilder.java:117)
	at org.apache.maven.lifecycle.internal.LifecycleModuleBuilder.buildProject(LifecycleModuleBuilder.java:81)
	at org.apache.maven.lifecycle.internal.builder.singlethreaded.SingleThreadedBuilder.build(SingleThreadedBuilder.java:56)
	at org.apache.maven.lifecycle.internal.LifecycleStarter.execute(LifecycleStarter.java:128)
	at org.apache.maven.DefaultMaven.doExecute(DefaultMaven.java:305)
	at org.apache.maven.DefaultMaven.doExecute(DefaultMaven.java:192)
	at org.apache.maven.DefaultMaven.execute(DefaultMaven.java:105)
	at org.apache.maven.cli.MavenCli.execute(MavenCli.java:972)
	at org.apache.maven.cli.MavenCli.doMain(MavenCli.java:293)
	at org.apache.maven.cli.MavenCli.main(MavenCli.java:196)
	at java.base/jdk.internal.reflect.NativeMethodAccessorImpl.invoke0(Native Method)
	at java.base/jdk.internal.reflect.NativeMethodAccessorImpl.invoke(NativeMethodAccessorImpl.java:77)
	at java.base/jdk.internal.reflect.DelegatingMethodAccessorImpl.invoke(DelegatingMethodAccessorImpl.java:43)
	at java.base/java.lang.reflect.Method.invoke(Method.java:568)
	at org.codehaus.plexus.classworlds.launcher.Launcher.launchEnhanced(Launcher.java:282)
	at org.codehaus.plexus.classworlds.launcher.Launcher.launch(Launcher.java:225)
	at org.codehaus.plexus.classworlds.launcher.Launcher.mainWithExitCode(Launcher.java:406)
	at org.codehaus.plexus.classworlds.launcher.Launcher.main(Launcher.java:347)
]]></failure>
    <system-out><![CDATA[TEST PASSED - Verify_Restore_The_Task_From_Trash_Menu_And_Verify_On_Tasks_Menu_By_Team_Member

Step :: Click on Login button
Step :: Enter Team Member Email Address
Step :: Enter Team Member Password Address
Step :: Click on Login button
Step :: Click and expand the Take Action menu
Step :: Click on Take Action task
Step :: Verify the task status :: Task Assigned
Step :: Upload file 
]]></system-out>
    <system-err><![CDATA[Starting ChromeDriver 102.0.5005.61 (0e59bcc00cc4985ce39ad31c150065f159d95ad3-refs/branch-heads/5005@{#819}) on port 17474
Only local connections are allowed.
Please see https://chromedriver.chromium.org/security-considerations for suggestions on keeping ChromeDriver safe.
ChromeDriver was started successfully.
]]></system-err>
  </testcase>
  <testcase name="Verify_Upcoming_Tasks_By_Team_Member_On_Dashboard_Page" classname="com.compliancesutra.verifications.TM_Tasks_Projects" time="32.517">
    <failure message="no such element: Unable to locate element: {&quot;method&quot;:&quot;xpath&quot;,&quot;selector&quot;:&quot;//div[@role=&apos;alert&apos;]&quot;}&#10;  (Session info: chrome=102.0.5005.115)&#10;  (Driver info: chromedriver=102.0.5005.61 (0e59bcc00cc4985ce39ad31c150065f159d95ad3-refs/branch-heads/5005@{#819}),platform=Mac OS X 12.2.0 x86_64) (WARNING: The server did not provide any stacktrace information)&#10;Command duration or timeout: 20 milliseconds&#10;For documentation on this error, please visit: http://seleniumhq.org/exceptions/no_such_element.html&#10;Build info: version: &apos;2.53.0&apos;, revision: &apos;35ae25b1534ae328c771e0856c93e187490ca824&apos;, time: &apos;2016-03-15 10:43:46&apos;&#10;System info: host: &apos;Apples-MacBook-Pro-2.local&apos;, ip: &apos;127.0.0.1&apos;, os.name: &apos;Mac OS X&apos;, os.arch: &apos;x86_64&apos;, os.version: &apos;12.2&apos;, java.version: &apos;17&apos;&#10;Driver info: org.openqa.selenium.chrome.ChromeDriver&#10;Capabilities [{mobileEmulationEnabled=false, timeouts={implicit=0, pageLoad=300000, script=30000}, hasTouchScreen=false, platform=MAC, acceptSslCerts=false, goog:chromeOptions={debuggerAddress=localhost:58439}, webauthn:extension:credBlob=true, acceptInsecureCerts=false, webStorageEnabled=true, browserName=chrome, takesScreenshot=true, javascriptEnabled=true, setWindowRect=true, webauthn:extension:largeBlob=true, unexpectedAlertBehaviour=ignore, rotatable=false, networkConnectionEnabled=false, chrome={chromedriverVersion=102.0.5005.61 (0e59bcc00cc4985ce39ad31c150065f159d95ad3-refs/branch-heads/5005@{#819}), userDataDir=/var/folders/hq/dtvwwpd963j6cd1z1f4d3zyr0000gn/T/.com.google.Chrome.jiqNVO}, takesHeapSnapshot=true, pageLoadStrategy=normal, strictFileInteractability=false, databaseEnabled=false, handlesAlerts=true, version=102.0.5005.115, browserConnectionEnabled=false, proxy={}, nativeEvents=true, locationContextEnabled=true, cssSelectorsEnabled=true, webauthn:virtualAuthenticators=true}]&#10;Session ID: 267d565541f75b8104f5a95e649d1467&#10;*** Element info: {Using=xpath, value=//div[@role=&apos;alert&apos;]}" type="org.openqa.selenium.NoSuchElementException"><![CDATA[org.openqa.selenium.NoSuchElementException: 
no such element: Unable to locate element: {"method":"xpath","selector":"//div[@role='alert']"}
  (Session info: chrome=102.0.5005.115)
  (Driver info: chromedriver=102.0.5005.61 (0e59bcc00cc4985ce39ad31c150065f159d95ad3-refs/branch-heads/5005@{#819}),platform=Mac OS X 12.2.0 x86_64) (WARNING: The server did not provide any stacktrace information)
Command duration or timeout: 20 milliseconds
For documentation on this error, please visit: http://seleniumhq.org/exceptions/no_such_element.html
Build info: version: '2.53.0', revision: '35ae25b1534ae328c771e0856c93e187490ca824', time: '2016-03-15 10:43:46'
System info: host: 'Apples-MacBook-Pro-2.local', ip: '127.0.0.1', os.name: 'Mac OS X', os.arch: 'x86_64', os.version: '12.2', java.version: '17'
Driver info: org.openqa.selenium.chrome.ChromeDriver
Capabilities [{mobileEmulationEnabled=false, timeouts={implicit=0, pageLoad=300000, script=30000}, hasTouchScreen=false, platform=MAC, acceptSslCerts=false, goog:chromeOptions={debuggerAddress=localhost:58439}, webauthn:extension:credBlob=true, acceptInsecureCerts=false, webStorageEnabled=true, browserName=chrome, takesScreenshot=true, javascriptEnabled=true, setWindowRect=true, webauthn:extension:largeBlob=true, unexpectedAlertBehaviour=ignore, rotatable=false, networkConnectionEnabled=false, chrome={chromedriverVersion=102.0.5005.61 (0e59bcc00cc4985ce39ad31c150065f159d95ad3-refs/branch-heads/5005@{#819}), userDataDir=/var/folders/hq/dtvwwpd963j6cd1z1f4d3zyr0000gn/T/.com.google.Chrome.jiqNVO}, takesHeapSnapshot=true, pageLoadStrategy=normal, strictFileInteractability=false, databaseEnabled=false, handlesAlerts=true, version=102.0.5005.115, browserConnectionEnabled=false, proxy={}, nativeEvents=true, locationContextEnabled=true, cssSelectorsEnabled=true, webauthn:virtualAuthenticators=true}]
Session ID: 267d565541f75b8104f5a95e649d1467
*** Element info: {Using=xpath, value=//div[@role='alert']}
	at java.base/jdk.internal.reflect.NativeConstructorAccessorImpl.newInstance0(Native Method)
	at java.base/jdk.internal.reflect.NativeConstructorAccessorImpl.newInstance(NativeConstructorAccessorImpl.java:77)
	at java.base/jdk.internal.reflect.DelegatingConstructorAccessorImpl.newInstance(DelegatingConstructorAccessorImpl.java:45)
	at java.base/java.lang.reflect.Constructor.newInstanceWithCaller(Constructor.java:499)
	at java.base/java.lang.reflect.Constructor.newInstance(Constructor.java:480)
	at org.openqa.selenium.remote.ErrorHandler.createThrowable(ErrorHandler.java:206)
	at org.openqa.selenium.remote.ErrorHandler.throwIfResponseFailed(ErrorHandler.java:158)
	at org.openqa.selenium.remote.RemoteWebDriver.execute(RemoteWebDriver.java:678)
	at org.openqa.selenium.remote.RemoteWebDriver.findElement(RemoteWebDriver.java:363)
	at org.openqa.selenium.remote.RemoteWebDriver.findElementByXPath(RemoteWebDriver.java:500)
	at org.openqa.selenium.By$ByXPath.findElement(By.java:361)
	at org.openqa.selenium.remote.RemoteWebDriver.findElement(RemoteWebDriver.java:355)
	at com.compliancesutra.pages.TM_Task_Project.Verify_Upcoming_Tasks_By_Team_Member_On_Dashboard_Page(TM_Task_Project.java:3245)
	at com.compliancesutra.verifications.TM_Tasks_Projects.Verify_Upcoming_Tasks_By_Team_Member_On_Dashboard_Page(TM_Tasks_Projects.java:361)
	at java.base/jdk.internal.reflect.NativeMethodAccessorImpl.invoke0(Native Method)
	at java.base/jdk.internal.reflect.NativeMethodAccessorImpl.invoke(NativeMethodAccessorImpl.java:77)
	at java.base/jdk.internal.reflect.DelegatingMethodAccessorImpl.invoke(DelegatingMethodAccessorImpl.java:43)
	at java.base/java.lang.reflect.Method.invoke(Method.java:568)
	at org.testng.internal.MethodInvocationHelper.invokeMethod(MethodInvocationHelper.java:86)
	at org.testng.internal.Invoker.invokeMethod(Invoker.java:643)
	at org.testng.internal.Invoker.invokeTestMethod(Invoker.java:820)
	at org.testng.internal.Invoker.invokeTestMethods(Invoker.java:1128)
	at org.testng.internal.TestMethodWorker.invokeTestMethods(TestMethodWorker.java:129)
	at org.testng.internal.TestMethodWorker.run(TestMethodWorker.java:112)
	at org.testng.TestRunner.privateRun(TestRunner.java:782)
	at org.testng.TestRunner.run(TestRunner.java:632)
	at org.testng.SuiteRunner.runTest(SuiteRunner.java:366)
	at org.testng.SuiteRunner.runSequentially(SuiteRunner.java:361)
	at org.testng.SuiteRunner.privateRun(SuiteRunner.java:319)
	at org.testng.SuiteRunner.run(SuiteRunner.java:268)
	at org.testng.SuiteRunnerWorker.runSuite(SuiteRunnerWorker.java:52)
	at org.testng.SuiteRunnerWorker.run(SuiteRunnerWorker.java:86)
	at org.testng.TestNG.runSuitesSequentially(TestNG.java:1244)
	at org.testng.TestNG.runSuitesLocally(TestNG.java:1169)
	at org.testng.TestNG.run(TestNG.java:1064)
	at org.apache.maven.surefire.testng.TestNGExecutor.run(TestNGExecutor.java:324)
	at org.apache.maven.surefire.testng.TestNGXmlTestSuite.execute(TestNGXmlTestSuite.java:74)
	at org.apache.maven.surefire.testng.TestNGProvider.invoke(TestNGProvider.java:123)
	at java.base/jdk.internal.reflect.NativeMethodAccessorImpl.invoke0(Native Method)
	at java.base/jdk.internal.reflect.NativeMethodAccessorImpl.invoke(NativeMethodAccessorImpl.java:77)
	at java.base/jdk.internal.reflect.DelegatingMethodAccessorImpl.invoke(DelegatingMethodAccessorImpl.java:43)
	at java.base/java.lang.reflect.Method.invoke(Method.java:568)
	at org.apache.maven.surefire.api.util.ReflectionUtils.invokeMethodWithArray2(ReflectionUtils.java:183)
	at org.apache.maven.surefire.booter.ProviderFactory$ProviderProxy.invoke(ProviderFactory.java:161)
	at org.apache.maven.surefire.booter.ProviderFactory.invokeProvider(ProviderFactory.java:85)
	at org.apache.maven.plugin.surefire.InPluginVMSurefireStarter.runSuitesInProcess(InPluginVMSurefireStarter.java:92)
	at org.apache.maven.plugin.surefire.AbstractSurefireMojo.executeProvider(AbstractSurefireMojo.java:1310)
	at org.apache.maven.plugin.surefire.AbstractSurefireMojo.executeAfterPreconditionsChecked(AbstractSurefireMojo.java:1167)
	at org.apache.maven.plugin.surefire.AbstractSurefireMojo.execute(AbstractSurefireMojo.java:931)
	at org.apache.maven.plugin.DefaultBuildPluginManager.executeMojo(DefaultBuildPluginManager.java:137)
	at org.apache.maven.lifecycle.internal.MojoExecutor.execute(MojoExecutor.java:210)
	at org.apache.maven.lifecycle.internal.MojoExecutor.execute(MojoExecutor.java:156)
	at org.apache.maven.lifecycle.internal.MojoExecutor.execute(MojoExecutor.java:148)
	at org.apache.maven.lifecycle.internal.LifecycleModuleBuilder.buildProject(LifecycleModuleBuilder.java:117)
	at org.apache.maven.lifecycle.internal.LifecycleModuleBuilder.buildProject(LifecycleModuleBuilder.java:81)
	at org.apache.maven.lifecycle.internal.builder.singlethreaded.SingleThreadedBuilder.build(SingleThreadedBuilder.java:56)
	at org.apache.maven.lifecycle.internal.LifecycleStarter.execute(LifecycleStarter.java:128)
	at org.apache.maven.DefaultMaven.doExecute(DefaultMaven.java:305)
	at org.apache.maven.DefaultMaven.doExecute(DefaultMaven.java:192)
	at org.apache.maven.DefaultMaven.execute(DefaultMaven.java:105)
	at org.apache.maven.cli.MavenCli.execute(MavenCli.java:972)
	at org.apache.maven.cli.MavenCli.doMain(MavenCli.java:293)
	at org.apache.maven.cli.MavenCli.main(MavenCli.java:196)
	at java.base/jdk.internal.reflect.NativeMethodAccessorImpl.invoke0(Native Method)
	at java.base/jdk.internal.reflect.NativeMethodAccessorImpl.invoke(NativeMethodAccessorImpl.java:77)
	at java.base/jdk.internal.reflect.DelegatingMethodAccessorImpl.invoke(DelegatingMethodAccessorImpl.java:43)
	at java.base/java.lang.reflect.Method.invoke(Method.java:568)
	at org.codehaus.plexus.classworlds.launcher.Launcher.launchEnhanced(Launcher.java:282)
	at org.codehaus.plexus.classworlds.launcher.Launcher.launch(Launcher.java:225)
	at org.codehaus.plexus.classworlds.launcher.Launcher.mainWithExitCode(Launcher.java:406)
	at org.codehaus.plexus.classworlds.launcher.Launcher.main(Launcher.java:347)
]]></failure>
    <system-out><![CDATA[
TEST FAILED - Verify_Take_Action_Tasks_By_Team_Member_On_Dashboard_Page



Step :: Click on Login button
Step :: Enter Team Member Email Address
Step :: Enter Team Member Password Address
Step :: Click on Login button
Step :: Click on Upcoming task
Step :: Verify the task status :: Task Assigned
Step :: Upload file 
]]></system-out>
    <system-err><![CDATA[Starting ChromeDriver 102.0.5005.61 (0e59bcc00cc4985ce39ad31c150065f159d95ad3-refs/branch-heads/5005@{#819}) on port 34598
Only local connections are allowed.
Please see https://chromedriver.chromium.org/security-considerations for suggestions on keeping ChromeDriver safe.
ChromeDriver was started successfully.
]]></system-err>
  </testcase>
</testsuite>